Log file open, 01/22/20 20:32:32
LogWindows: Failed to load 'aqProf.dll' (GetLastError=126)
LogWindows: File 'aqProf.dll' does not exist
LogWindows: Failed to load 'VtuneApi.dll' (GetLastError=126)
LogWindows: File 'VtuneApi.dll' does not exist
LogWindows: Failed to load 'VtuneApi32e.dll' (GetLastError=126)
LogWindows: File 'VtuneApi32e.dll' does not exist
LogConsoleResponse: Display: Failed to find resolution value strings in scalability ini. Falling back to default.
LogInit: Display: Running engine for game: OneThing_Bukowska
LogPlatformFile: Not using cached read wrapper
LogTaskGraph: Started task graph with 5 named threads and 23 total threads with 3 sets of task threads.
LogStats: Stats thread started at 4.428976
LogD3D11RHI: Loaded GFSDK_Aftermath_Lib.x64.dll
LogICUInternationalization: ICU TimeZone Detection - Raw Offset: +1:00, Platform Override: ''
LogPluginManager: Mounting plugin Paper2D
LogPluginManager: Mounting plugin AISupport
LogPluginManager: Mounting plugin LightPropagationVolume
LogPluginManager: Mounting plugin ActorLayerUtilities
LogPluginManager: Mounting plugin AnimationSharing
LogPluginManager: Mounting plugin CLionSourceCodeAccess
LogPluginManager: Mounting plugin CodeLiteSourceCodeAccess
LogPluginManager: Mounting plugin GitSourceControl
LogPluginManager: Mounting plugin KDevelopSourceCodeAccess
LogPluginManager: Mounting plugin NullSourceCodeAccess
LogPluginManager: Mounting plugin PerforceSourceControl
LogPluginManager: Mounting plugin SubversionSourceControl
LogPluginManager: Mounting plugin UObjectPlugin
LogPluginManager: Mounting plugin VisualStudioCodeSourceCodeAccess
LogPluginManager: Mounting plugin VisualStudioSourceCodeAccess
LogPluginManager: Mounting plugin XCodeSourceCodeAccess
LogPluginManager: Mounting plugin AssetManagerEditor
LogPluginManager: Mounting plugin CryptoKeys
LogPluginManager: Mounting plugin CurveEditorTools
LogPluginManager: Mounting plugin DataValidation
LogPluginManager: Mounting plugin FacialAnimation
LogPluginManager: Mounting plugin GameplayTagsEditor
LogPluginManager: Mounting plugin MacGraphicsSwitching
LogPluginManager: Mounting plugin MaterialAnalyzer
LogPluginManager: Mounting plugin MobileLauncherProfileWizard
LogPluginManager: Mounting plugin PluginBrowser
LogPluginManager: Mounting plugin SpeedTreeImporter
LogPluginManager: Mounting plugin DatasmithContent
LogPluginManager: Mounting plugin VariantManagerContent
LogPluginManager: Mounting plugin AlembicImporter
LogPluginManager: Mounting plugin AutomationUtils
LogPluginManager: Mounting plugin BackChannel
LogPluginManager: Mounting plugin CharacterAI
LogPluginManager: Mounting plugin GeometryCache
LogPluginManager: Mounting plugin HTML5Networking
LogPluginManager: Mounting plugin PlatformCrypto
LogPluginManager: Mounting plugin ProxyLODPlugin
LogPluginManager: Mounting plugin SkeletalReduction
LogPluginManager: Mounting plugin MagicLeap
LogPluginManager: Mounting plugin MagicLeapMedia
LogPluginManager: Mounting plugin AndroidMedia
LogPluginManager: Mounting plugin AvfMedia
LogPluginManager: Mounting plugin ImgMedia
LogPluginManager: Mounting plugin MediaCompositing
LogPluginManager: Mounting plugin MediaPlayerEditor
LogPluginManager: Mounting plugin WebMMedia
LogPluginManager: Mounting plugin WmfMedia
LogPluginManager: Mounting plugin TcpMessaging
LogPluginManager: Mounting plugin UdpMessaging
LogPluginManager: Mounting plugin ActorSequence
LogPluginManager: Mounting plugin LevelSequenceEditor
LogPluginManager: Mounting plugin MatineeToLevelSequence
LogPluginManager: Mounting plugin NetcodeUnitTest
LogPluginManager: Mounting plugin NUTUnrealEngine4
LogPluginManager: Mounting plugin OnlineSubsystemGooglePlay
LogPluginManager: Mounting plugin OnlineSubsystemIOS
LogPluginManager: Mounting plugin OnlineSubsystem
LogPluginManager: Mounting plugin OnlineSubsystemNull
LogPluginManager: Mounting plugin OnlineSubsystemUtils
LogPluginManager: Mounting plugin LauncherChunkInstaller
LogPluginManager: Mounting plugin AndroidDeviceProfileSelector
LogPluginManager: Mounting plugin AndroidMoviePlayer
LogPluginManager: Mounting plugin AndroidPermission
LogPluginManager: Mounting plugin AppleImageUtils
LogPluginManager: Mounting plugin AppleMoviePlayer
LogPluginManager: Mounting plugin ArchVisCharacter
LogPluginManager: Mounting plugin AudioCapture
LogPluginManager: Mounting plugin CableComponent
LogPluginManager: Mounting plugin CustomMeshComponent
LogPluginManager: Mounting plugin EditableMesh
LogPluginManager: Mounting plugin ExampleDeviceProfileSelector
LogPluginManager: Mounting plugin GoogleCloudMessaging
LogPluginManager: Mounting plugin IOSDeviceProfileSelector
LogPluginManager: Mounting plugin LinuxDeviceProfileSelector
LogPluginManager: Mounting plugin LocationServicesBPLibrary
LogPluginManager: Mounting plugin MobilePatchingUtils
LogPluginManager: Mounting plugin OculusVR
LogPluginManager: Mounting plugin PhysXVehicles
LogPluginManager: Mounting plugin ProceduralMeshComponent
LogPluginManager: Mounting plugin RuntimePhysXCooking
LogPluginManager: Mounting plugin SignificanceManager
LogPluginManager: Mounting plugin SteamVR
LogPluginManager: Mounting plugin WebMMoviePlayer
LogPluginManager: Mounting plugin WindowsMoviePlayer
LogPluginManager: Mounting plugin ScreenshotTools
LogInit: Using libcurl 7.55.1-DEV
LogInit:  - built for x86_64-pc-win32
LogInit:  - supports SSL with OpenSSL/1.1.1
LogInit:  - supports HTTP deflate (compression) using libz 1.2.8
LogInit:  - other features:
LogInit:      CURL_VERSION_SSL
LogInit:      CURL_VERSION_LIBZ
LogInit:      CURL_VERSION_IPV6
LogInit:      CURL_VERSION_ASYNCHDNS
LogInit:      CURL_VERSION_LARGEFILE
LogInit:      CURL_VERSION_IDN
LogInit:  CurlRequestOptions (configurable via config and command line):
LogInit:  - bVerifyPeer = true  - Libcurl will verify peer certificate
LogInit:  - bUseHttpProxy = false  - Libcurl will NOT use HTTP proxy
LogInit:  - bDontReuseConnections = false  - Libcurl will reuse connections
LogInit:  - MaxHostConnections = 16  - Libcurl will limit the number of connections to a host
LogInit:  - LocalHostAddr = Default
LogInit:  - BufferSize = 65536
LogOnline: OSS: Creating online subsystem instance for: NULL
LogInit: WinSock: version 1.1 (2.2), MaxSocks=32767, MaxUdp=65467
LogInit: Build: ++UE4+Release-4.23-CL-9631420
LogInit: Engine Version: 4.23.1-9631420+++UE4+Release-4.23
LogInit: Compatible Engine Version: 4.23.0-8386587+++UE4+Release-4.23
LogInit: Net CL: 8386587
LogInit: OS: Windows 10 (Release 1903) (), CPU: Intel(R) Core(TM) i7-6700HQ CPU @ 2.60GHz, GPU: Intel(R) HD Graphics 530
LogInit: Compiled (64-bit): Oct 18 2019 02:07:44
LogInit: Compiled with Visual C++: 19.16.27030.01
LogInit: Build Configuration: Development
LogInit: Branch Name: ++UE4+Release-4.23
LogInit: Command Line: 
LogInit: Base Directory: D:/Unreal Engine/UE_4.23/Engine/Binaries/Win64/
LogInit: Installed Engine Build: 1
LogDevObjectVersion: Number of dev versions registered: 23
LogDevObjectVersion:   Dev-Blueprints (B0D832E4-1F89-4F0D-ACCF-7EB736FD4AA2): 10
LogDevObjectVersion:   Dev-Build (E1C64328-A22C-4D53-A36C-8E866417BD8C): 0
LogDevObjectVersion:   Dev-Core (375EC13C-06E4-48FB-B500-84F0262A717E): 3
LogDevObjectVersion:   Dev-Editor (E4B068ED-F494-42E9-A231-DA0B2E46BB41): 34
LogDevObjectVersion:   Dev-Framework (CFFC743F-43B0-4480-9391-14DF171D2073): 35
LogDevObjectVersion:   Dev-Mobile (B02B49B5-BB20-44E9-A304-32B752E40360): 2
LogDevObjectVersion:   Dev-Networking (A4E4105C-59A1-49B5-A7C5-40C4547EDFEE): 0
LogDevObjectVersion:   Dev-Online (39C831C9-5AE6-47DC-9A44-9C173E1C8E7C): 0
LogDevObjectVersion:   Dev-Physics (78F01B33-EBEA-4F98-B9B4-84EACCB95AA2): 0
LogDevObjectVersion:   Dev-Platform (6631380F-2D4D-43E0-8009-CF276956A95A): 0
LogDevObjectVersion:   Dev-Rendering (12F88B9F-8875-4AFC-A67C-D90C383ABD29): 31
LogDevObjectVersion:   Dev-Sequencer (7B5AE74C-D270-4C10-A958-57980B212A5A): 11
LogDevObjectVersion:   Dev-VR (D7296918-1DD6-4BDD-9DE2-64A83CC13884): 2
LogDevObjectVersion:   Dev-LoadTimes (C2A15278-BFE7-4AFE-6C17-90FF531DF755): 1
LogDevObjectVersion:   Private-Geometry (6EACA3D4-40EC-4CC1-B786-8BED09428FC5): 3
LogDevObjectVersion:   Dev-AnimPhys (29E575DD-E0A3-4627-9D10-D276232CDCEA): 17
LogDevObjectVersion:   Dev-Anim (AF43A65D-7FD3-4947-9873-3E8ED9C1BB05): 2
LogDevObjectVersion:   Dev-ReflectionCapture (6B266CEC-1EC7-4B8F-A30B-E4D90942FC07): 1
LogDevObjectVersion:   Dev-Automation (0DF73D61-A23F-47EA-B727-89E90C41499A): 1
LogDevObjectVersion:   FortniteMain (601D1886-AC64-4F84-AA16-D3DE0DEAC7D6): 27
LogDevObjectVersion:   Dev-Enterprise (9DFFBCD6-494F-0158-E221-12823C92A888): 6
LogDevObjectVersion:   Dev-Niagara (F2AED0AC-9AFE-416F-8664-AA7FFA26D6FC): 1
LogDevObjectVersion:   Dev-Destruction (174F1F0B-B4C6-45A5-B13F-2EE8D0FB917D): 9
LogInit: Presizing for max 16777216 objects, including 0 objects not considered by GC, pre-allocating 0 bytes for permanent pool.
LogInit: Object subsystem initialized
LogConfig: Setting CVar [[con.DebugEarlyDefault:1]]
LogConfig: Setting CVar [[r.setres:1280x720]]
[2020.01.22-19.32.37:436][  0]LogConfig: Setting CVar [[r.VSync:0]]
[2020.01.22-19.32.37:436][  0]LogConfig: Setting CVar [[r.RHICmdBypass:0]]
[2020.01.22-19.32.37:458][  0]LogConfig: Applying CVar settings from Section [/Script/Engine.RendererSettings] File [D:/1_STUDIA_GRY/Silniki/Ball_Game/OneThing_Bukowska/Saved/Config/Windows/Engine.ini]
[2020.01.22-19.32.37:458][  0]LogConfig: Setting CVar [[r.GPUCrashDebugging:0]]
[2020.01.22-19.32.37:458][  0]LogConfig: Setting CVar [[r.DefaultFeature.AutoExposure.ExtendDefaultLuminanceRange:1]]
[2020.01.22-19.32.37:458][  0]LogConfig: Applying CVar settings from Section [/Script/Engine.RendererOverrideSettings] File [D:/1_STUDIA_GRY/Silniki/Ball_Game/OneThing_Bukowska/Saved/Config/Windows/Engine.ini]
[2020.01.22-19.32.37:458][  0]LogConfig: Applying CVar settings from Section [/Script/Engine.StreamingSettings] File [D:/1_STUDIA_GRY/Silniki/Ball_Game/OneThing_Bukowska/Saved/Config/Windows/Engine.ini]
[2020.01.22-19.32.37:458][  0]LogConfig: Setting CVar [[s.MinBulkDataSizeForAsyncLoading:131072]]
[2020.01.22-19.32.37:458][  0]LogConfig: Setting CVar [[s.AsyncLoadingThreadEnabled:0]]
[2020.01.22-19.32.37:458][  0]LogConfig: Setting CVar [[s.EventDrivenLoaderEnabled:1]]
[2020.01.22-19.32.37:458][  0]LogConfig: Setting CVar [[s.WarnIfTimeLimitExceeded:0]]
[2020.01.22-19.32.37:458][  0]LogConfig: Setting CVar [[s.TimeLimitExceededMultiplier:1.5]]
[2020.01.22-19.32.37:458][  0]LogConfig: Setting CVar [[s.TimeLimitExceededMinTime:0.005]]
[2020.01.22-19.32.37:458][  0]LogConfig: Setting CVar [[s.UseBackgroundLevelStreaming:1]]
[2020.01.22-19.32.37:458][  0]LogConfig: Setting CVar [[s.PriorityAsyncLoadingExtraTime:15.0]]
[2020.01.22-19.32.37:458][  0]LogConfig: Setting CVar [[s.LevelStreamingActorsUpdateTimeLimit:5.0]]
[2020.01.22-19.32.37:458][  0]LogConfig: Setting CVar [[s.PriorityLevelStreamingActorsUpdateExtraTime:5.0]]
[2020.01.22-19.32.37:458][  0]LogConfig: Setting CVar [[s.LevelStreamingComponentsRegistrationGranularity:10]]
[2020.01.22-19.32.37:458][  0]LogConfig: Setting CVar [[s.UnregisterComponentsTimeLimit:1.0]]
[2020.01.22-19.32.37:458][  0]LogConfig: Setting CVar [[s.LevelStreamingComponentsUnregistrationGranularity:5]]
[2020.01.22-19.32.37:458][  0]LogConfig: Applying CVar settings from Section [/Script/Engine.GarbageCollectionSettings] File [D:/1_STUDIA_GRY/Silniki/Ball_Game/OneThing_Bukowska/Saved/Config/Windows/Engine.ini]
[2020.01.22-19.32.37:458][  0]LogConfig: Setting CVar [[gc.MaxObjectsNotConsideredByGC:1]]
[2020.01.22-19.32.37:458][  0]LogConfig: Setting CVar [[gc.SizeOfPermanentObjectPool:0]]
[2020.01.22-19.32.37:458][  0]LogConfig: Setting CVar [[gc.FlushStreamingOnGC:0]]
[2020.01.22-19.32.37:458][  0]LogConfig: Setting CVar [[gc.NumRetriesBeforeForcingGC:10]]
[2020.01.22-19.32.37:458][  0]LogConfig: Setting CVar [[gc.AllowParallelGC:1]]
[2020.01.22-19.32.37:458][  0]LogConfig: Setting CVar [[gc.TimeBetweenPurgingPendingKillObjects:61.1]]
[2020.01.22-19.32.37:458][  0]LogConfig: Setting CVar [[gc.MaxObjectsInEditor:16777216]]
[2020.01.22-19.32.37:458][  0]LogConfig: Setting CVar [[gc.IncrementalBeginDestroyEnabled:1]]
[2020.01.22-19.32.37:458][  0]LogConfig: Setting CVar [[gc.CreateGCClusters:1]]
[2020.01.22-19.32.37:458][  0]LogConfig: Setting CVar [[gc.MinGCClusterSize:5]]
[2020.01.22-19.32.37:458][  0]LogConfig: Setting CVar [[gc.ActorClusteringEnabled:0]]
[2020.01.22-19.32.37:458][  0]LogConfig: Setting CVar [[gc.BlueprintClusteringEnabled:0]]
[2020.01.22-19.32.37:458][  0]LogConfig: Setting CVar [[gc.UseDisregardForGCOnDedicatedServers:0]]
[2020.01.22-19.32.37:458][  0]LogConfig: Applying CVar settings from Section [/Script/Engine.NetworkSettings] File [D:/1_STUDIA_GRY/Silniki/Ball_Game/OneThing_Bukowska/Saved/Config/Windows/Engine.ini]
[2020.01.22-19.32.37:458][  0]LogConfig: Applying CVar settings from Section [/Script/UnrealEd.CookerSettings] File [D:/1_STUDIA_GRY/Silniki/Ball_Game/OneThing_Bukowska/Saved/Config/Windows/Engine.ini]
[2020.01.22-19.32.37:582][  0]LogConfig: Applying CVar settings from Section [ViewDistanceQuality@3] File [D:/1_STUDIA_GRY/Silniki/Ball_Game/OneThing_Bukowska/Saved/Config/Windows/Scalability.ini]
[2020.01.22-19.32.37:582][  0]LogConfig: Setting CVar [[r.SkeletalMeshLODBias:0]]
[2020.01.22-19.32.37:582][  0]LogConfig: Setting CVar [[r.ViewDistanceScale:1.0]]
[2020.01.22-19.32.37:582][  0]LogConfig: Applying CVar settings from Section [AntiAliasingQuality@3] File [D:/1_STUDIA_GRY/Silniki/Ball_Game/OneThing_Bukowska/Saved/Config/Windows/Scalability.ini]
[2020.01.22-19.32.37:582][  0]LogConfig: Setting CVar [[r.PostProcessAAQuality:4]]
[2020.01.22-19.32.37:582][  0]LogConfig: Applying CVar settings from Section [ShadowQuality@3] File [D:/1_STUDIA_GRY/Silniki/Ball_Game/OneThing_Bukowska/Saved/Config/Windows/Scalability.ini]
[2020.01.22-19.32.37:582][  0]LogConfig: Setting CVar [[r.LightFunctionQuality:1]]
[2020.01.22-19.32.37:582][  0]LogConfig: Setting CVar [[r.ShadowQuality:5]]
[2020.01.22-19.32.37:582][  0]LogConfig: Setting CVar [[r.Shadow.CSM.MaxCascades:10]]
[2020.01.22-19.32.37:582][  0]LogConfig: Setting CVar [[r.Shadow.MaxResolution:2048]]
[2020.01.22-19.32.37:582][  0]LogConfig: Setting CVar [[r.Shadow.MaxCSMResolution:2048]]
[2020.01.22-19.32.37:583][  0]LogConfig: Setting CVar [[r.Shadow.RadiusThreshold:0.01]]
[2020.01.22-19.32.37:583][  0]LogConfig: Setting CVar [[r.Shadow.DistanceScale:1.0]]
[2020.01.22-19.32.37:583][  0]LogConfig: Setting CVar [[r.Shadow.CSM.TransitionScale:1.0]]
[2020.01.22-19.32.37:583][  0]LogConfig: Setting CVar [[r.Shadow.PreShadowResolutionFactor:1.0]]
[2020.01.22-19.32.37:583][  0]LogConfig: Setting CVar [[r.DistanceFieldShadowing:1]]
[2020.01.22-19.32.37:583][  0]LogConfig: Setting CVar [[r.DistanceFieldAO:1]]
[2020.01.22-19.32.37:583][  0]LogConfig: Setting CVar [[r.AOQuality:2]]
[2020.01.22-19.32.37:583][  0]LogConfig: Setting CVar [[r.VolumetricFog:1]]
[2020.01.22-19.32.37:583][  0]LogConfig: Setting CVar [[r.VolumetricFog.GridPixelSize:8]]
[2020.01.22-19.32.37:583][  0]LogConfig: Setting CVar [[r.VolumetricFog.GridSizeZ:128]]
[2020.01.22-19.32.37:583][  0]LogConfig: Setting CVar [[r.VolumetricFog.HistoryMissSupersampleCount:4]]
[2020.01.22-19.32.37:583][  0]LogConfig: Setting CVar [[r.LightMaxDrawDistanceScale:1]]
[2020.01.22-19.32.37:583][  0]LogConfig: Setting CVar [[r.CapsuleShadows:1]]
[2020.01.22-19.32.37:583][  0]LogConfig: Applying CVar settings from Section [PostProcessQuality@3] File [D:/1_STUDIA_GRY/Silniki/Ball_Game/OneThing_Bukowska/Saved/Config/Windows/Scalability.ini]
[2020.01.22-19.32.37:583][  0]LogConfig: Setting CVar [[r.MotionBlurQuality:4]]
[2020.01.22-19.32.37:583][  0]LogConfig: Setting CVar [[r.AmbientOcclusionMipLevelFactor:0.4]]
[2020.01.22-19.32.37:583][  0]LogConfig: Setting CVar [[r.AmbientOcclusionMaxQuality:100]]
[2020.01.22-19.32.37:583][  0]LogConfig: Setting CVar [[r.AmbientOcclusionLevels:-1]]
[2020.01.22-19.32.37:583][  0]LogConfig: Setting CVar [[r.AmbientOcclusionRadiusScale:1.0]]
[2020.01.22-19.32.37:583][  0]LogConfig: Setting CVar [[r.DepthOfFieldQuality:2]]
[2020.01.22-19.32.37:583][  0]LogConfig: Setting CVar [[r.RenderTargetPoolMin:400]]
[2020.01.22-19.32.37:583][  0]LogConfig: Setting CVar [[r.LensFlareQuality:2]]
[2020.01.22-19.32.37:583][  0]LogConfig: Setting CVar [[r.SceneColorFringeQuality:1]]
[2020.01.22-19.32.37:583][  0]LogConfig: Setting CVar [[r.EyeAdaptationQuality:2]]
[2020.01.22-19.32.37:583][  0]LogConfig: Setting CVar [[r.BloomQuality:5]]
[2020.01.22-19.32.37:583][  0]LogConfig: Setting CVar [[r.FastBlurThreshold:100]]
[2020.01.22-19.32.37:583][  0]LogConfig: Setting CVar [[r.Upscale.Quality:3]]
[2020.01.22-19.32.37:583][  0]LogConfig: Setting CVar [[r.Tonemapper.GrainQuantization:1]]
[2020.01.22-19.32.37:583][  0]LogConfig: Setting CVar [[r.LightShaftQuality:1]]
[2020.01.22-19.32.37:583][  0]LogConfig: Setting CVar [[r.Filter.SizeScale:1]]
[2020.01.22-19.32.37:583][  0]LogConfig: Setting CVar [[r.Tonemapper.Quality:5]]
[2020.01.22-19.32.37:583][  0]LogConfig: Setting CVar [[r.DOF.Gather.AccumulatorQuality:1        ; higher gathering accumulator quality]]
[2020.01.22-19.32.37:583][  0]LogConfig: Setting CVar [[r.DOF.Gather.PostfilterMethod:1          ; Median3x3 postfilering method]]
[2020.01.22-19.32.37:583][  0]LogConfig: Setting CVar [[r.DOF.Gather.EnableBokehSettings:0       ; no bokeh simulation when gathering]]
[2020.01.22-19.32.37:583][  0]LogConfig: Setting CVar [[r.DOF.Gather.RingCount:4                 ; medium number of samples when gathering]]
[2020.01.22-19.32.37:583][  0]LogConfig: Setting CVar [[r.DOF.Scatter.ForegroundCompositing:1    ; additive foreground scattering]]
[2020.01.22-19.32.37:583][  0]LogConfig: Setting CVar [[r.DOF.Scatter.BackgroundCompositing:2    ; additive background scattering]]
[2020.01.22-19.32.37:583][  0]LogConfig: Setting CVar [[r.DOF.Scatter.EnableBokehSettings:1      ; bokeh simulation when scattering]]
[2020.01.22-19.32.37:583][  0]LogConfig: Setting CVar [[r.DOF.Scatter.MaxSpriteRatio:0.1         ; only a maximum of 10% of scattered bokeh]]
[2020.01.22-19.32.37:583][  0]LogConfig: Setting CVar [[r.DOF.Recombine.Quality:1                ; cheap slight out of focus]]
[2020.01.22-19.32.37:583][  0]LogConfig: Setting CVar [[r.DOF.Recombine.EnableBokehSettings:0    ; no bokeh simulation on slight out of focus]]
[2020.01.22-19.32.37:583][  0]LogConfig: Setting CVar [[r.DOF.TemporalAAQuality:1                ; more stable temporal accumulation]]
[2020.01.22-19.32.37:583][  0]LogConfig: Setting CVar [[r.DOF.Kernel.MaxForegroundRadius:0.025]]
[2020.01.22-19.32.37:583][  0]LogConfig: Setting CVar [[r.DOF.Kernel.MaxBackgroundRadius:0.025]]
[2020.01.22-19.32.37:584][  0]LogConfig: Applying CVar settings from Section [TextureQuality@3] File [D:/1_STUDIA_GRY/Silniki/Ball_Game/OneThing_Bukowska/Saved/Config/Windows/Scalability.ini]
[2020.01.22-19.32.37:584][  0]LogConfig: Setting CVar [[r.Streaming.MipBias:0]]
[2020.01.22-19.32.37:584][  0]LogConfig: Setting CVar [[r.Streaming.AmortizeCPUToGPUCopy:0]]
[2020.01.22-19.32.37:584][  0]LogConfig: Setting CVar [[r.Streaming.MaxNumTexturesToStreamPerFrame:0]]
[2020.01.22-19.32.37:584][  0]LogConfig: Setting CVar [[r.Streaming.Boost:1]]
[2020.01.22-19.32.37:584][  0]LogConfig: Setting CVar [[r.MaxAnisotropy:8]]
[2020.01.22-19.32.37:584][  0]LogConfig: Setting CVar [[r.Streaming.LimitPoolSizeToVRAM:0]]
[2020.01.22-19.32.37:584][  0]LogConfig: Setting CVar [[r.Streaming.PoolSize:1000]]
[2020.01.22-19.32.37:584][  0]LogConfig: Setting CVar [[r.Streaming.MaxEffectiveScreenSize:0]]
[2020.01.22-19.32.37:584][  0]LogConfig: Applying CVar settings from Section [EffectsQuality@3] File [D:/1_STUDIA_GRY/Silniki/Ball_Game/OneThing_Bukowska/Saved/Config/Windows/Scalability.ini]
[2020.01.22-19.32.37:584][  0]LogConfig: Setting CVar [[r.TranslucencyLightingVolumeDim:64]]
[2020.01.22-19.32.37:584][  0]LogConfig: Setting CVar [[r.RefractionQuality:2]]
[2020.01.22-19.32.37:584][  0]LogConfig: Setting CVar [[r.SSR.Quality:3]]
[2020.01.22-19.32.37:584][  0]LogConfig: Setting CVar [[r.SceneColorFormat:4]]
[2020.01.22-19.32.37:584][  0]LogConfig: Setting CVar [[r.DetailMode:2]]
[2020.01.22-19.32.37:584][  0]LogConfig: Setting CVar [[r.TranslucencyVolumeBlur:1]]
[2020.01.22-19.32.37:584][  0]LogConfig: Setting CVar [[r.MaterialQualityLevel:1 ; High quality]]
[2020.01.22-19.32.37:584][  0]LogConfig: Setting CVar [[r.SSS.Scale:1]]
[2020.01.22-19.32.37:584][  0]LogConfig: Setting CVar [[r.SSS.SampleSet:2]]
[2020.01.22-19.32.37:584][  0]LogConfig: Setting CVar [[r.SSS.Quality:1]]
[2020.01.22-19.32.37:584][  0]LogConfig: Setting CVar [[r.SSS.HalfRes:1]]
[2020.01.22-19.32.37:584][  0]LogConfig: Setting CVar [[r.EmitterSpawnRateScale:1.0]]
[2020.01.22-19.32.37:584][  0]LogConfig: Setting CVar [[r.ParticleLightQuality:2]]
[2020.01.22-19.32.37:584][  0]LogConfig: Applying CVar settings from Section [FoliageQuality@3] File [D:/1_STUDIA_GRY/Silniki/Ball_Game/OneThing_Bukowska/Saved/Config/Windows/Scalability.ini]
[2020.01.22-19.32.37:584][  0]LogConfig: Setting CVar [[foliage.DensityScale:1.0]]
[2020.01.22-19.32.37:584][  0]LogConfig: Setting CVar [[grass.DensityScale:1.0]]
[2020.01.22-19.32.37:601][  0]LogInit: Selected Device Profile: [Windows]
[2020.01.22-19.32.37:610][  0]LogInit: Applying CVar settings loaded from the selected device profile: [Windows]
[2020.01.22-19.32.37:688][  0]LogHAL: Display: Platform has ~ 16 GB [16999383040 / 17179869184 / 16], which maps to Larger [LargestMinGB=32, LargerMinGB=12, DefaultMinGB=8, SmallerMinGB=6, SmallestMinGB=0)
[2020.01.22-19.32.37:688][  0]LogInit: Going up to parent DeviceProfile []
[2020.01.22-19.32.37:691][  0]LogConfig: Applying CVar settings from Section [ViewDistanceQuality@3] File [D:/1_STUDIA_GRY/Silniki/Ball_Game/OneThing_Bukowska/Saved/Config/Windows/Scalability.ini]
[2020.01.22-19.32.37:691][  0]LogConfig: Setting CVar [[r.SkeletalMeshLODBias:0]]
[2020.01.22-19.32.37:691][  0]LogConfig: Setting CVar [[r.ViewDistanceScale:1.0]]
[2020.01.22-19.32.37:691][  0]LogConfig: Applying CVar settings from Section [AntiAliasingQuality@3] File [D:/1_STUDIA_GRY/Silniki/Ball_Game/OneThing_Bukowska/Saved/Config/Windows/Scalability.ini]
[2020.01.22-19.32.37:691][  0]LogConfig: Setting CVar [[r.PostProcessAAQuality:4]]
[2020.01.22-19.32.37:691][  0]LogConfig: Applying CVar settings from Section [ShadowQuality@3] File [D:/1_STUDIA_GRY/Silniki/Ball_Game/OneThing_Bukowska/Saved/Config/Windows/Scalability.ini]
[2020.01.22-19.32.37:691][  0]LogConfig: Setting CVar [[r.LightFunctionQuality:1]]
[2020.01.22-19.32.37:691][  0]LogConfig: Setting CVar [[r.ShadowQuality:5]]
[2020.01.22-19.32.37:691][  0]LogConfig: Setting CVar [[r.Shadow.CSM.MaxCascades:10]]
[2020.01.22-19.32.37:691][  0]LogConfig: Setting CVar [[r.Shadow.MaxResolution:2048]]
[2020.01.22-19.32.37:691][  0]LogConfig: Setting CVar [[r.Shadow.MaxCSMResolution:2048]]
[2020.01.22-19.32.37:691][  0]LogConfig: Setting CVar [[r.Shadow.RadiusThreshold:0.01]]
[2020.01.22-19.32.37:691][  0]LogConfig: Setting CVar [[r.Shadow.DistanceScale:1.0]]
[2020.01.22-19.32.37:691][  0]LogConfig: Setting CVar [[r.Shadow.CSM.TransitionScale:1.0]]
[2020.01.22-19.32.37:691][  0]LogConfig: Setting CVar [[r.Shadow.PreShadowResolutionFactor:1.0]]
[2020.01.22-19.32.37:691][  0]LogConfig: Setting CVar [[r.DistanceFieldShadowing:1]]
[2020.01.22-19.32.37:691][  0]LogConfig: Setting CVar [[r.DistanceFieldAO:1]]
[2020.01.22-19.32.37:691][  0]LogConfig: Setting CVar [[r.AOQuality:2]]
[2020.01.22-19.32.37:691][  0]LogConfig: Setting CVar [[r.VolumetricFog:1]]
[2020.01.22-19.32.37:691][  0]LogConfig: Setting CVar [[r.VolumetricFog.GridPixelSize:8]]
[2020.01.22-19.32.37:691][  0]LogConfig: Setting CVar [[r.VolumetricFog.GridSizeZ:128]]
[2020.01.22-19.32.37:691][  0]LogConfig: Setting CVar [[r.VolumetricFog.HistoryMissSupersampleCount:4]]
[2020.01.22-19.32.37:691][  0]LogConfig: Setting CVar [[r.LightMaxDrawDistanceScale:1]]
[2020.01.22-19.32.37:691][  0]LogConfig: Setting CVar [[r.CapsuleShadows:1]]
[2020.01.22-19.32.37:691][  0]LogConfig: Applying CVar settings from Section [PostProcessQuality@3] File [D:/1_STUDIA_GRY/Silniki/Ball_Game/OneThing_Bukowska/Saved/Config/Windows/Scalability.ini]
[2020.01.22-19.32.37:691][  0]LogConfig: Setting CVar [[r.MotionBlurQuality:4]]
[2020.01.22-19.32.37:691][  0]LogConfig: Setting CVar [[r.AmbientOcclusionMipLevelFactor:0.4]]
[2020.01.22-19.32.37:691][  0]LogConfig: Setting CVar [[r.AmbientOcclusionMaxQuality:100]]
[2020.01.22-19.32.37:691][  0]LogConfig: Setting CVar [[r.AmbientOcclusionLevels:-1]]
[2020.01.22-19.32.37:691][  0]LogConfig: Setting CVar [[r.AmbientOcclusionRadiusScale:1.0]]
[2020.01.22-19.32.37:691][  0]LogConfig: Setting CVar [[r.DepthOfFieldQuality:2]]
[2020.01.22-19.32.37:691][  0]LogConfig: Setting CVar [[r.RenderTargetPoolMin:400]]
[2020.01.22-19.32.37:691][  0]LogConfig: Setting CVar [[r.LensFlareQuality:2]]
[2020.01.22-19.32.37:691][  0]LogConfig: Setting CVar [[r.SceneColorFringeQuality:1]]
[2020.01.22-19.32.37:691][  0]LogConfig: Setting CVar [[r.EyeAdaptationQuality:2]]
[2020.01.22-19.32.37:691][  0]LogConfig: Setting CVar [[r.BloomQuality:5]]
[2020.01.22-19.32.37:691][  0]LogConfig: Setting CVar [[r.FastBlurThreshold:100]]
[2020.01.22-19.32.37:691][  0]LogConfig: Setting CVar [[r.Upscale.Quality:3]]
[2020.01.22-19.32.37:691][  0]LogConfig: Setting CVar [[r.Tonemapper.GrainQuantization:1]]
[2020.01.22-19.32.37:691][  0]LogConfig: Setting CVar [[r.LightShaftQuality:1]]
[2020.01.22-19.32.37:691][  0]LogConfig: Setting CVar [[r.Filter.SizeScale:1]]
[2020.01.22-19.32.37:691][  0]LogConfig: Setting CVar [[r.Tonemapper.Quality:5]]
[2020.01.22-19.32.37:691][  0]LogConfig: Setting CVar [[r.DOF.Gather.AccumulatorQuality:1        ; higher gathering accumulator quality]]
[2020.01.22-19.32.37:691][  0]LogConfig: Setting CVar [[r.DOF.Gather.PostfilterMethod:1          ; Median3x3 postfilering method]]
[2020.01.22-19.32.37:691][  0]LogConfig: Setting CVar [[r.DOF.Gather.EnableBokehSettings:0       ; no bokeh simulation when gathering]]
[2020.01.22-19.32.37:691][  0]LogConfig: Setting CVar [[r.DOF.Gather.RingCount:4                 ; medium number of samples when gathering]]
[2020.01.22-19.32.37:691][  0]LogConfig: Setting CVar [[r.DOF.Scatter.ForegroundCompositing:1    ; additive foreground scattering]]
[2020.01.22-19.32.37:691][  0]LogConfig: Setting CVar [[r.DOF.Scatter.BackgroundCompositing:2    ; additive background scattering]]
[2020.01.22-19.32.37:692][  0]LogConfig: Setting CVar [[r.DOF.Scatter.EnableBokehSettings:1      ; bokeh simulation when scattering]]
[2020.01.22-19.32.37:692][  0]LogConfig: Setting CVar [[r.DOF.Scatter.MaxSpriteRatio:0.1         ; only a maximum of 10% of scattered bokeh]]
[2020.01.22-19.32.37:692][  0]LogConfig: Setting CVar [[r.DOF.Recombine.Quality:1                ; cheap slight out of focus]]
[2020.01.22-19.32.37:692][  0]LogConfig: Setting CVar [[r.DOF.Recombine.EnableBokehSettings:0    ; no bokeh simulation on slight out of focus]]
[2020.01.22-19.32.37:692][  0]LogConfig: Setting CVar [[r.DOF.TemporalAAQuality:1                ; more stable temporal accumulation]]
[2020.01.22-19.32.37:692][  0]LogConfig: Setting CVar [[r.DOF.Kernel.MaxForegroundRadius:0.025]]
[2020.01.22-19.32.37:692][  0]LogConfig: Setting CVar [[r.DOF.Kernel.MaxBackgroundRadius:0.025]]
[2020.01.22-19.32.37:692][  0]LogConfig: Applying CVar settings from Section [TextureQuality@3] File [D:/1_STUDIA_GRY/Silniki/Ball_Game/OneThing_Bukowska/Saved/Config/Windows/Scalability.ini]
[2020.01.22-19.32.37:692][  0]LogConfig: Setting CVar [[r.Streaming.MipBias:0]]
[2020.01.22-19.32.37:692][  0]LogConfig: Setting CVar [[r.Streaming.AmortizeCPUToGPUCopy:0]]
[2020.01.22-19.32.37:692][  0]LogConfig: Setting CVar [[r.Streaming.MaxNumTexturesToStreamPerFrame:0]]
[2020.01.22-19.32.37:692][  0]LogConfig: Setting CVar [[r.Streaming.Boost:1]]
[2020.01.22-19.32.37:692][  0]LogConfig: Setting CVar [[r.MaxAnisotropy:8]]
[2020.01.22-19.32.37:692][  0]LogConfig: Setting CVar [[r.Streaming.LimitPoolSizeToVRAM:0]]
[2020.01.22-19.32.37:692][  0]LogConfig: Setting CVar [[r.Streaming.PoolSize:1000]]
[2020.01.22-19.32.37:692][  0]LogConfig: Setting CVar [[r.Streaming.MaxEffectiveScreenSize:0]]
[2020.01.22-19.32.37:692][  0]LogConfig: Applying CVar settings from Section [EffectsQuality@3] File [D:/1_STUDIA_GRY/Silniki/Ball_Game/OneThing_Bukowska/Saved/Config/Windows/Scalability.ini]
[2020.01.22-19.32.37:692][  0]LogConfig: Setting CVar [[r.TranslucencyLightingVolumeDim:64]]
[2020.01.22-19.32.37:692][  0]LogConfig: Setting CVar [[r.RefractionQuality:2]]
[2020.01.22-19.32.37:692][  0]LogConfig: Setting CVar [[r.SSR.Quality:3]]
[2020.01.22-19.32.37:692][  0]LogConfig: Setting CVar [[r.SceneColorFormat:4]]
[2020.01.22-19.32.37:692][  0]LogConfig: Setting CVar [[r.DetailMode:2]]
[2020.01.22-19.32.37:692][  0]LogConfig: Setting CVar [[r.TranslucencyVolumeBlur:1]]
[2020.01.22-19.32.37:692][  0]LogConfig: Setting CVar [[r.MaterialQualityLevel:1 ; High quality]]
[2020.01.22-19.32.37:692][  0]LogConfig: Setting CVar [[r.SSS.Scale:1]]
[2020.01.22-19.32.37:692][  0]LogConfig: Setting CVar [[r.SSS.SampleSet:2]]
[2020.01.22-19.32.37:692][  0]LogConfig: Setting CVar [[r.SSS.Quality:1]]
[2020.01.22-19.32.37:692][  0]LogConfig: Setting CVar [[r.SSS.HalfRes:1]]
[2020.01.22-19.32.37:692][  0]LogConfig: Setting CVar [[r.EmitterSpawnRateScale:1.0]]
[2020.01.22-19.32.37:692][  0]LogConfig: Setting CVar [[r.ParticleLightQuality:2]]
[2020.01.22-19.32.37:692][  0]LogConfig: Applying CVar settings from Section [FoliageQuality@3] File [D:/1_STUDIA_GRY/Silniki/Ball_Game/OneThing_Bukowska/Saved/Config/Windows/Scalability.ini]
[2020.01.22-19.32.37:692][  0]LogConfig: Setting CVar [[foliage.DensityScale:1.0]]
[2020.01.22-19.32.37:692][  0]LogConfig: Setting CVar [[grass.DensityScale:1.0]]
[2020.01.22-19.32.37:692][  0]LogConfig: Applying CVar settings from Section [Startup] File [../../../Engine/Config/ConsoleVariables.ini]
[2020.01.22-19.32.37:709][  0]LogConfig: Setting CVar [[net.UseAdaptiveNetUpdateFrequency:0]]
[2020.01.22-19.32.37:710][  0]LogConfig: Setting CVar [[p.chaos.AllowCreatePhysxBodies:1]]
[2020.01.22-19.32.37:710][  0]LogConfig: Applying CVar settings from Section [ConsoleVariables] File [D:/1_STUDIA_GRY/Silniki/Ball_Game/OneThing_Bukowska/Saved/Config/Windows/Engine.ini]
[2020.01.22-19.32.37:737][  0]LogInit: Computer: DESKTOP-1FRBPOV
[2020.01.22-19.32.37:737][  0]LogInit: User: Eljonek
[2020.01.22-19.32.37:737][  0]LogInit: CPU Page size=4096, Cores=4
[2020.01.22-19.32.37:737][  0]LogInit: High frequency timer resolution =10.000000 MHz
[2020.01.22-19.32.37:745][  0]LogMemory: Memory total: Physical=15.8GB (16GB approx)
[2020.01.22-19.32.37:745][  0]LogMemory: Platform Memory Stats for Windows
[2020.01.22-19.32.37:745][  0]LogMemory: Process Physical Memory: 101.11 MB used, 101.11 MB peak
[2020.01.22-19.32.37:745][  0]LogMemory: Process Virtual Memory: 100.81 MB used, 100.81 MB peak
[2020.01.22-19.32.37:745][  0]LogMemory: Physical Memory: 9463.02 MB used,  6748.86 MB free, 16211.88 MB total
[2020.01.22-19.32.37:745][  0]LogMemory: Virtual Memory: 4668.50 MB used,  134213056.00 MB free, 134217728.00 MB total
[2020.01.22-19.32.37:774][  0]LogWindows: WindowsPlatformFeatures enabled
[2020.01.22-19.32.39:026][  0]LogInit: Using OS detected language (pl-PL).
[2020.01.22-19.32.39:026][  0]LogInit: Using OS detected locale (pl-PL).
[2020.01.22-19.32.39:093][  0]LogTextLocalizationManager: No specific localization for 'pl-PL' exists, so the 'pl' localization will be used.
[2020.01.22-19.32.39:094][  0]LogTextLocalizationResource: LocRes '../../../Engine/Content/Localization/Editor/pl/Editor.locres' could not be opened for reading!
[2020.01.22-19.32.39:094][  0]LogTextLocalizationResource: LocRes '../../../Engine/Content/Localization/EditorTutorials/pl/EditorTutorials.locres' could not be opened for reading!
[2020.01.22-19.32.39:095][  0]LogTextLocalizationResource: LocRes '../../../Engine/Content/Localization/Keywords/pl/Keywords.locres' could not be opened for reading!
[2020.01.22-19.32.39:095][  0]LogTextLocalizationResource: LocRes '../../../Engine/Content/Localization/Category/pl/Category.locres' could not be opened for reading!
[2020.01.22-19.32.39:304][  0]LogTextLocalizationResource: LocRes '../../../Engine/Content/Localization/ToolTips/pl/ToolTips.locres' could not be opened for reading!
[2020.01.22-19.32.39:305][  0]LogTextLocalizationResource: LocRes '../../../Engine/Content/Localization/PropertyNames/pl/PropertyNames.locres' could not be opened for reading!
[2020.01.22-19.32.39:305][  0]LogTextLocalizationResource: LocRes '../../../Engine/Content/Localization/Engine/pl/Engine.locres' could not be opened for reading!
[2020.01.22-19.32.39:531][  0]LogInit: Setting process to per monitor DPI aware
[2020.01.22-19.32.41:280][  0]LogSlate: New Slate User Created.  User Index 0, Is Virtual User: 0
[2020.01.22-19.32.41:280][  0]LogSlate: Slate User Registered.  User Index 0, Is Virtual User: 0
[2020.01.22-19.32.46:845][  0]LogHMD: Failed to initialize OpenVR with code 110
[2020.01.22-19.32.46:845][  0]LogD3D11RHI: D3D11 adapters:
[2020.01.22-19.32.46:991][  0]LogD3D11RHI:    0. 'NVIDIA GeForce GTX 960M' (Feature Level 11_0)
[2020.01.22-19.32.46:991][  0]LogD3D11RHI:       4055/0/8105 MB DedicatedVideo/DedicatedSystem/SharedSystem, Outputs:2, VendorId:0x10de
[2020.01.22-19.32.47:017][  0]LogD3D11RHI:    1. 'Intel(R) HD Graphics 530' (Feature Level 11_0)
[2020.01.22-19.32.47:017][  0]LogD3D11RHI:       128/0/8105 MB DedicatedVideo/DedicatedSystem/SharedSystem, Outputs:0, VendorId:0x8086
[2020.01.22-19.32.47:024][  0]LogD3D11RHI:    2. 'Microsoft Basic Render Driver' (Feature Level 11_0)
[2020.01.22-19.32.47:024][  0]LogD3D11RHI:       0/0/8105 MB DedicatedVideo/DedicatedSystem/SharedSystem, Outputs:0, VendorId:0x1414
[2020.01.22-19.32.47:024][  0]LogD3D11RHI: Chosen D3D11 Adapter: 0
[2020.01.22-19.32.47:115][  0]LogD3D11RHI: Creating new Direct3DDevice
[2020.01.22-19.32.47:115][  0]LogD3D11RHI:     GPU DeviceId: 0x139b (for the marketing name, search the web for "GPU Device Id")
[2020.01.22-19.32.47:115][  0]LogWindows: EnumDisplayDevices:
[2020.01.22-19.32.47:116][  0]LogWindows:    0. 'Intel(R) HD Graphics 530' (P:1 D:1)
[2020.01.22-19.32.47:116][  0]LogWindows:    1. 'Intel(R) HD Graphics 530' (P:0 D:1)
[2020.01.22-19.32.47:116][  0]LogWindows:    2. 'Intel(R) HD Graphics 530' (P:0 D:0)
[2020.01.22-19.32.47:117][  0]LogWindows: DebugString: PrimaryIsNotTheChoosenAdapter PrimaryIsNotTheChoosenAdapter PrimaryIsNotTheChoosenAdapter FoundDriverCount:0 
[2020.01.22-19.32.47:117][  0]LogD3D11RHI:     Adapter Name: NVIDIA GeForce GTX 960M
[2020.01.22-19.32.47:138][  0]LogD3D11RHI:   Driver Version: Unknown (internal:Unknown, unified:Unknown)
[2020.01.22-19.32.47:138][  0]LogD3D11RHI:      Driver Date: Unknown
[2020.01.22-19.32.47:138][  0]LogRHI: Texture pool is 2839 MB (70% of 4055 MB)
[2020.01.22-19.32.47:252][  0]LogD3D11RHI: Async texture creation enabled
[2020.01.22-19.32.47:611][  0]LogD3D11RHI: GPU Timing Frequency: 1000.000000 (Debug: 2 12)
[2020.01.22-19.32.49:846][  0]LogTemp: Display: Module 'AllDesktopTargetPlatform' loaded TargetPlatform 'AllDesktop'
[2020.01.22-19.32.49:940][  0]LogTemp: Display: Module 'MacClientTargetPlatform' loaded TargetPlatform 'MacClient'
[2020.01.22-19.32.50:025][  0]LogTemp: Display: Module 'MacNoEditorTargetPlatform' loaded TargetPlatform 'MacNoEditor'
[2020.01.22-19.32.50:065][  0]LogTemp: Display: Module 'MacServerTargetPlatform' loaded TargetPlatform 'MacServer'
[2020.01.22-19.32.50:164][  0]LogTemp: Display: Module 'MacTargetPlatform' loaded TargetPlatform 'Mac'
[2020.01.22-19.32.50:237][  0]LogTemp: Display: Module 'WindowsClientTargetPlatform' loaded TargetPlatform 'WindowsClient'
[2020.01.22-19.32.50:291][  0]LogTemp: Display: Module 'WindowsNoEditorTargetPlatform' loaded TargetPlatform 'WindowsNoEditor'
[2020.01.22-19.32.50:344][  0]LogTemp: Display: Module 'WindowsServerTargetPlatform' loaded TargetPlatform 'WindowsServer'
[2020.01.22-19.32.50:393][  0]LogTemp: Display: Module 'WindowsTargetPlatform' loaded TargetPlatform 'Windows'
[2020.01.22-19.32.50:565][  0]LogTemp: Display: Module 'AndroidTargetPlatform' loaded TargetPlatform 'Android'
[2020.01.22-19.32.50:565][  0]LogTemp: Display: Module 'AndroidTargetPlatform' loaded TargetPlatform 'Android_ASTC'
[2020.01.22-19.32.50:565][  0]LogTemp: Display: Module 'AndroidTargetPlatform' loaded TargetPlatform 'Android_ATC'
[2020.01.22-19.32.50:565][  0]LogTemp: Display: Module 'AndroidTargetPlatform' loaded TargetPlatform 'Android_DXT'
[2020.01.22-19.32.50:565][  0]LogTemp: Display: Module 'AndroidTargetPlatform' loaded TargetPlatform 'Android_ETC1'
[2020.01.22-19.32.50:566][  0]LogTemp: Display: Module 'AndroidTargetPlatform' loaded TargetPlatform 'Android_ETC1a'
[2020.01.22-19.32.50:566][  0]LogTemp: Display: Module 'AndroidTargetPlatform' loaded TargetPlatform 'Android_ETC2'
[2020.01.22-19.32.50:566][  0]LogTemp: Display: Module 'AndroidTargetPlatform' loaded TargetPlatform 'Android_PVRTC'
[2020.01.22-19.32.50:566][  0]LogTemp: Display: Module 'AndroidTargetPlatform' loaded TargetPlatform 'AndroidClient'
[2020.01.22-19.32.50:566][  0]LogTemp: Display: Module 'AndroidTargetPlatform' loaded TargetPlatform 'Android_ASTCClient'
[2020.01.22-19.32.50:566][  0]LogTemp: Display: Module 'AndroidTargetPlatform' loaded TargetPlatform 'Android_ATCClient'
[2020.01.22-19.32.50:566][  0]LogTemp: Display: Module 'AndroidTargetPlatform' loaded TargetPlatform 'Android_DXTClient'
[2020.01.22-19.32.50:566][  0]LogTemp: Display: Module 'AndroidTargetPlatform' loaded TargetPlatform 'Android_ETC1Client'
[2020.01.22-19.32.50:566][  0]LogTemp: Display: Module 'AndroidTargetPlatform' loaded TargetPlatform 'Android_ETC1aClient'
[2020.01.22-19.32.50:566][  0]LogTemp: Display: Module 'AndroidTargetPlatform' loaded TargetPlatform 'Android_ETC2Client'
[2020.01.22-19.32.50:566][  0]LogTemp: Display: Module 'AndroidTargetPlatform' loaded TargetPlatform 'Android_PVRTCClient'
[2020.01.22-19.32.50:566][  0]LogTemp: Display: Module 'AndroidTargetPlatform' loaded TargetPlatform 'Android_Multi'
[2020.01.22-19.32.50:566][  0]LogTemp: Display: Module 'AndroidTargetPlatform' loaded TargetPlatform 'Android_MultiClient'
[2020.01.22-19.32.50:605][  0]LogTemp: Display: Module 'HTML5TargetPlatform' loaded TargetPlatform 'HTML5'
[2020.01.22-19.32.50:821][  0]LogTemp: Display: Module 'IOSTargetPlatform' loaded TargetPlatform 'IOSClient'
[2020.01.22-19.32.50:821][  0]LogTemp: Display: Module 'IOSTargetPlatform' loaded TargetPlatform 'IOS'
[2020.01.22-19.32.50:888][  0]LogTemp: Display: Module 'TVOSTargetPlatform' loaded TargetPlatform 'TVOSClient'
[2020.01.22-19.32.50:888][  0]LogTemp: Display: Module 'TVOSTargetPlatform' loaded TargetPlatform 'TVOS'
[2020.01.22-19.32.50:974][  0]LogTemp: Display: Module 'LinuxClientTargetPlatform' loaded TargetPlatform 'LinuxClient'
[2020.01.22-19.32.51:034][  0]LogTemp: Display: Module 'LinuxNoEditorTargetPlatform' loaded TargetPlatform 'LinuxNoEditor'
[2020.01.22-19.32.51:090][  0]LogTemp: Display: Module 'LinuxServerTargetPlatform' loaded TargetPlatform 'LinuxServer'
[2020.01.22-19.32.51:188][  0]LogTemp: Display: Module 'LinuxTargetPlatform' loaded TargetPlatform 'Linux'
[2020.01.22-19.32.51:289][  0]LogTemp: Display: Module 'LuminTargetPlatform' loaded TargetPlatform 'Lumin'
[2020.01.22-19.32.51:289][  0]LogTemp: Display: Module 'LuminTargetPlatform' loaded TargetPlatform 'LuminClient'
[2020.01.22-19.32.51:290][  0]LogTargetPlatformManager: Display: Building Assets For Windows
[2020.01.22-19.32.51:768][  0]LogAudioDebug: Display: Lib vorbis DLL was dynamically loaded.
[2020.01.22-19.32.53:807][  0]LogShaderCompilers: Guid format shader working directory is -15 characters bigger than the processId version (../../../../../1_STUDIA_GRY/Silniki/Ball_Game/OneThing_Bukowska/Intermediate/Shaders/WorkingDirectory/2796/).
[2020.01.22-19.32.53:808][  0]LogShaderCompilers: Cleaned the shader compiler working directory 'C:/Users/Eljonek/AppData/Local/Temp/UnrealShaderWorkingDir/7CCAEBC543D874A2E26BBE9A7A9066A7/'.
[2020.01.22-19.32.53:817][  0]LogXGEController: Cleaning working directory: C:/Users/Eljonek/AppData/Local/Temp/UnrealXGEWorkingDir/
[2020.01.22-19.32.53:818][  0]LogXGEController: Cannot use XGE Controller as Incredibuild is not installed on this machine.
[2020.01.22-19.32.53:823][  0]LogShaderCompilers: Cannot use XGE Shader Compiler as Incredibuild is not installed on this machine.
[2020.01.22-19.32.53:823][  0]LogShaderCompilers: Display: Using Local Shader Compiler.
[2020.01.22-19.33.03:686][  0]LogDerivedDataCache: Display: Max Cache Size: 512 MB
[2020.01.22-19.33.03:913][  0]LogDerivedDataCache: Loaded boot cache 0.23s 73MB C:/Users/Eljonek/AppData/Local/UnrealEngine/4.23/DerivedDataCache/Boot.ddc.
[2020.01.22-19.33.03:913][  0]LogDerivedDataCache: Display: Loaded Boot cache: C:/Users/Eljonek/AppData/Local/UnrealEngine/4.23/DerivedDataCache/Boot.ddc
[2020.01.22-19.33.03:913][  0]LogDerivedDataCache: FDerivedDataBackendGraph:  Pak pak cache file ../../../../../1_STUDIA_GRY/Silniki/Ball_Game/OneThing_Bukowska/DerivedDataCache/DDC.ddp not found, will not use a pak cache.
[2020.01.22-19.33.03:913][  0]LogDerivedDataCache: Unable to find inner node Pak for hierarchical cache Hierarchy.
[2020.01.22-19.33.03:913][  0]LogDerivedDataCache: FDerivedDataBackendGraph:  CompressedPak pak cache file ../../../../../1_STUDIA_GRY/Silniki/Ball_Game/OneThing_Bukowska/DerivedDataCache/Compressed.ddp not found, will not use a pak cache.
[2020.01.22-19.33.03:913][  0]LogDerivedDataCache: Unable to find inner node CompressedPak for hierarchical cache Hierarchy.
[2020.01.22-19.33.04:109][  0]LogDerivedDataCache: Display: Pak cache opened for reading ../../../Engine/DerivedDataCache/Compressed.ddp.
[2020.01.22-19.33.04:110][  0]LogDerivedDataCache: FDerivedDataBackendGraph:  EnterprisePak pak cache file ../../../Enterprise/DerivedDataCache/Compressed.ddp not found, will not use a pak cache.
[2020.01.22-19.33.04:110][  0]LogDerivedDataCache: Unable to find inner node EnterprisePak for hierarchical cache Hierarchy.
[2020.01.22-19.33.04:112][  0]LogDerivedDataCache: Using Local data cache path C:/Users/Eljonek/AppData/Local/UnrealEngine/Common/DerivedDataCache: Writable
[2020.01.22-19.33.04:112][  0]LogDerivedDataCache: Shared data cache path not found in *engine.ini, will not use an Shared cache.
[2020.01.22-19.33.04:112][  0]LogDerivedDataCache: Unable to find inner node Shared for hierarchical cache Hierarchy.
[2020.01.22-19.33.04:216][  0]LogMaterial: Verifying Global Shaders for PCD3D_SM5
[2020.01.22-19.33.04:285][  0]LogSlate: Using FreeType 2.6.0
[2020.01.22-19.33.04:516][  0]LogSlate: SlateFontServices - WITH_FREETYPE: 1, WITH_HARFBUZZ: 1
[2020.01.22-19.33.08:514][  0]LogAssetRegistry: FAssetRegistry took 0.2330 seconds to start up
[2020.01.22-19.33.17:040][  0]LogInit: Selected Device Profile: [Windows]
[2020.01.22-19.33.20:761][  0]LogMeshReduction: Using QuadricMeshReduction for automatic static mesh reduction
[2020.01.22-19.33.20:761][  0]LogMeshReduction: Using SimplygonMeshReduction for automatic skeletal mesh reduction
[2020.01.22-19.33.20:761][  0]LogMeshReduction: Using ProxyLODMeshReduction for automatic mesh merging
[2020.01.22-19.33.20:761][  0]LogMeshReduction: No distributed automatic mesh merging module available
[2020.01.22-19.33.20:771][  0]LogMeshMerging: No distributed automatic mesh merging module available
[2020.01.22-19.33.21:363][  0]LogNetVersion: OneThing_Bukowska 1.0.0, NetCL: 8386587, EngineNetVer: 11, GameNetVer: 0 (Checksum: 316949471)
[2020.01.22-19.33.32:059][  0]LogPackageLocalizationCache: Processed 12 localized package path(s) for 1 prioritized culture(s) in 0.245813 seconds
[2020.01.22-19.33.32:072][  0]LogUObjectArray: 43444 objects as part of root set at end of initial load.
[2020.01.22-19.33.32:072][  0]LogUObjectAllocator: 7548648 out of 0 bytes used by permanent object pool.
[2020.01.22-19.33.32:072][  0]LogUObjectArray: CloseDisregardForGC: 0/0 objects in disregard for GC pool
[2020.01.22-19.35.06:326][  0]LogTcpMessaging: Initializing TcpMessaging bridge
[2020.01.22-19.35.07:041][  0]LogUdpMessaging: Initializing bridge on interface 0.0.0.0:0 to multicast group 230.0.0.1:6666.
[2020.01.22-19.35.14:494][  0]SourceControl: Source control is disabled
[2020.01.22-19.35.14:526][  0]SourceControl: Source control is disabled
[2020.01.22-19.35.15:673][  0]SourceControl: Source control is disabled
[2020.01.22-19.35.16:037][  0]SourceControl: Source control is disabled
[2020.01.22-19.35.33:911][  0]LogAndroidPermission: UAndroidPermissionCallbackProxy::GetInstance
[2020.01.22-19.35.41:668][  0]LogOcInput: OculusInput pre-init called
[2020.01.22-19.35.42:436][  0]LogWindows: Failed to load 'OVRPlugin.dll' (GetLastError=126)
[2020.01.22-19.35.42:436][  0]LogWindows: File 'OVRPlugin.dll' does not exist
[2020.01.22-19.35.49:968][  0]LogAutomationTest: Warning: Smoke tests took > 2s to run: 3.68s
[2020.01.22-19.35.50:409][  0]LogEngine: Initializing Engine...
[2020.01.22-19.35.50:670][  0]LogHMD: Failed to initialize OpenVR with code 110
[2020.01.22-19.35.50:927][  0]LogStats: UGameplayTagsManager::InitializeManager -  0.210 s
[2020.01.22-19.35.54:866][  0]LogInit: Initializing FReadOnlyCVARCache
[2020.01.22-19.35.58:018][  0]LogAIModule: Creating AISystem for world Untitled
[2020.01.22-19.35.59:455][  0]LogInit: XAudio2 using 'Głośniki (Realtek High Definition Audio)' : 2 channels at 48 kHz using 32 bits per sample (channel mask 0x3)
[2020.01.22-19.35.59:497][  0]LogInit: FAudioDevice initialized.
[2020.01.22-19.35.59:498][  0]LogNetVersion: Set ProjectVersion to 1.0.0.0. Version Checksum will be recalculated on next use.
[2020.01.22-19.35.59:606][  0]LogDerivedDataCache: Saved boot cache 0.11s 73MB C:/Users/Eljonek/AppData/Local/UnrealEngine/4.23/DerivedDataCache/Boot.ddc.
[2020.01.22-19.35.59:616][  0]LogInit: Texture streaming: Enabled
[2020.01.22-19.36.00:699][  0]LogEngineSessionManager: EngineSessionManager initialized
[2020.01.22-19.36.00:700][  0]LogEditorSessionSummary: Verbose: Initializing EditorSessionSummaryWriter for editor session tracking
[2020.01.22-19.36.00:753][  0]LogEditorSessionSummary: EditorSessionSummaryWriter initialized
[2020.01.22-19.36.02:910][  0]LogInit: Transaction tracking system initialized
[2020.01.22-19.36.07:910][  0]BlueprintLog: New page: Editor Load
[2020.01.22-19.36.19:503][  0]LocalizationService: Localization service is disabled
[2020.01.22-19.36.27:075][  0]LogFileCache: Scanning file cache for directory 'D:/1_STUDIA_GRY/Silniki/Ball_Game/OneThing_Bukowska/Content/' took 0.05s
[2020.01.22-19.36.27:075][  0]LogCook: Display: Max memory allowance for cook 16384mb min free memory 0mb
[2020.01.22-19.36.27:075][  0]LogCook: Display: Mobile HDR setting 1
[2020.01.22-19.36.38:111][  0]SourceControl: Source control is disabled
[2020.01.22-19.36.38:167][  0]Cmd: MAP LOAD FILE="../../../../../1_STUDIA_GRY/Silniki/Ball_Game/OneThing_Bukowska/Content/StarterContent/Maps/Minimal_Default.umap" TEMPLATE=0 SHOWPROGRESS=1 FEATURELEVEL=3
[2020.01.22-19.36.38:279][  0]LightingResults: New page: Lighting Build
[2020.01.22-19.36.38:355][  0]LogWorld: UWorld::CleanupWorld for Untitled, bSessionEnded=true, bCleanupResources=true
[2020.01.22-19.36.38:460][  0]MapCheck: New page: Map Check
[2020.01.22-19.36.38:460][  0]LightingResults: New page: Lighting Build
[2020.01.22-19.36.38:763][  0]LogUObjectHash: Compacting FUObjectHashTables data took   3.63ms
[2020.01.22-19.36.44:533][  0]LogAIModule: Creating AISystem for world Minimal_Default
[2020.01.22-19.36.45:005][  0]LogPhysics: Warning: Initialising Body : Scale3D is (nearly) zero: Component: '/Game/StarterContent/Maps/Minimal_Default.Minimal_Default:PersistentLevel.Statue.StaticMeshComponent0' 
[2020.01.22-19.36.46:005][  0]LogEditorServer: Finished looking for orphan Actors (0.000 secs)
[2020.01.22-19.36.46:637][  0]LogUObjectHash: Compacting FUObjectHashTables data took   6.41ms
[2020.01.22-19.36.46:638][  0]Cmd: MAP CHECKDEP NOCLEARLOG
[2020.01.22-19.36.46:655][  0]MapCheck: Map check complete: 0 Error(s), 0 Warning(s), took 17,67ms to complete.
[2020.01.22-19.36.46:656][  0]LogFileHelpers: Loading map 'Minimal_Default' took 8.510
[2020.01.22-19.36.50:413][  0]LogSlate: Updating window title bar state: overlay mode, drag disabled, window buttons hidden, title bar hidden
[2020.01.22-19.36.50:455][  0]LogSlate: Updating window title bar state: overlay mode, drag disabled, window buttons hidden, title bar hidden
[2020.01.22-19.36.50:470][  0]LogSlate: Updating window title bar state: overlay mode, drag disabled, window buttons hidden, title bar hidden
[2020.01.22-19.36.50:483][  0]LogSlate: Updating window title bar state: overlay mode, drag disabled, window buttons hidden, title bar hidden
[2020.01.22-19.36.50:655][  0]LogCollectionManager: Loaded 0 collections in 0.030899 seconds
[2020.01.22-19.36.50:809][  0]LogFileCache: Scanning file cache for directory 'D:/1_STUDIA_GRY/Silniki/Ball_Game/OneThing_Bukowska/Saved/Collections/' took 0.00s
[2020.01.22-19.36.50:809][  0]LogFileCache: Scanning file cache for directory 'D:/1_STUDIA_GRY/Silniki/Ball_Game/OneThing_Bukowska/Content/Developers/Eljonek/Collections/' took 0.00s
[2020.01.22-19.36.50:810][  0]LogFileCache: Scanning file cache for directory 'D:/1_STUDIA_GRY/Silniki/Ball_Game/OneThing_Bukowska/Content/Collections/' took 0.00s
[2020.01.22-19.36.50:810][  0]LogCollectionManager: Rebuilt the GUID cache for 0 collections in 0.000010 seconds
[2020.01.22-19.36.50:823][  0]LogContentBrowser: Native class hierarchy populated in 0.0124 seconds. Added 2863 classes and 680 folders.
[2020.01.22-19.36.50:880][  0]LogContentBrowser: Native class hierarchy updated for 'WidgetCarousel' in 0.0004 seconds. Added 0 classes and 0 folders.
[2020.01.22-19.36.52:736][  0]LogContentBrowser: Native class hierarchy updated for 'AddContentDialog' in 0.0006 seconds. Added 0 classes and 0 folders.
[2020.01.22-19.36.52:794][  0]LogContentBrowser: Native class hierarchy updated for 'SceneOutliner' in 0.0009 seconds. Added 1 classes and 2 folders.
[2020.01.22-19.36.53:578][  0]LogSlate: Took 0.064853 seconds to synchronously load lazily loaded font '../../../Engine/Content/Slate/Fonts/Roboto-Regular.ttf' (155K)
[2020.01.22-19.36.53:655][  0]LogSlate: Took 0.058732 seconds to synchronously load lazily loaded font '../../../Engine/Content/Slate/Fonts/Roboto-Bold.ttf' (160K)
[2020.01.22-19.36.53:746][  0]LogSlate: Took 0.049663 seconds to synchronously load lazily loaded font '../../../Engine/Content/Editor/Slate/Fonts/FontAwesome.ttf' (139K)
[2020.01.22-19.36.54:465][  0]LogRenderer: Reallocating scene render targets to support 1236x572 Format 10 NumSamples 1 (Frame:1).
[2020.01.22-19.36.55:190][  0]LogContentBrowser: Native class hierarchy updated for 'HierarchicalLODOutliner' in 0.0007 seconds. Added 0 classes and 0 folders.
[2020.01.22-19.36.55:190][  0]LogLoad: (Engine Initialization) Total time: 282.58 seconds
[2020.01.22-19.36.55:190][  0]LogLoad: (Engine Initialization) Total Blueprint compile time: 0.00 seconds
[2020.01.22-19.36.55:589][  0]LogContentStreaming: Texture pool size now 1000 MB
[2020.01.22-19.36.55:800][  0]LogSlate: Took 0.062238 seconds to synchronously load lazily loaded font '../../../Engine/Content/Slate/Fonts/Roboto-Light.ttf' (167K)
[2020.01.22-19.37.07:224][ 64]LogAssetRegistry: Asset discovery search completed in 238.7136 seconds
[2020.01.22-19.37.07:278][ 64]LogCollectionManager: Rebuilt the object cache for 0 collections in 0.000021 seconds (found 0 objects)
[2020.01.22-19.37.07:278][ 64]LogCollectionManager: Fixed up redirectors for 0 collections in 0.000103 seconds (updated 0 objects)
[2020.01.22-19.37.19:199][198]LogSlate: FSceneViewport::OnFocusLost() reason 0
[2020.01.22-19.37.39:604][927]LogSlate: Window 'Open Level' being destroyed
[2020.01.22-19.37.53:625][652]LogContentBrowser: Native class hierarchy updated for 'WorldBrowser' in 0.0005 seconds. Added 2 classes and 3 folders.
[2020.01.22-19.37.55:349][717]LogEditorSessionSummary: EditorSessionSummary sent report. Type=Shutdown, SessionId={FCB77E9A-43DF-8567-4262-DBB64962C7AB}
[2020.01.22-19.37.58:659][847]LogSlate: Window 'Levels' being destroyed
[2020.01.22-19.37.58:673][847]LogSlate: Window 'Levels' being destroyed
[2020.01.22-19.38.45:706][  6]LogSlate: FSceneViewport::OnFocusLost() reason 5
[2020.01.22-19.38.46:725][ 59]LogSlate: FSceneViewport::OnFocusLost() reason 5
[2020.01.22-19.38.46:868][ 64]LogSlate: FSceneViewport::OnFocusLost() reason 5
[2020.01.22-19.38.52:456][358]LogSlate: FSceneViewport::OnFocusLost() reason 5
[2020.01.22-19.38.57:884][593]LogSlate: Window 'Level Details' being destroyed
[2020.01.22-19.38.57:896][593]LogSlate: Window 'Level Details' being destroyed
[2020.01.22-19.38.58:502][614]LogSlate: FSceneViewport::OnFocusLost() reason 0
[2020.01.22-19.38.58:586][619]LogSlate: Window 'Levels' being destroyed
[2020.01.22-19.38.58:594][619]LogSlate: Window 'Levels' being destroyed
[2020.01.22-19.39.00:168][696]LogSlate: FSceneViewport::OnFocusLost() reason 5
[2020.01.22-19.39.03:389][884]LogSlate: FSceneViewport::OnFocusLost() reason 5
[2020.01.22-19.39.07:589][925]LogSlate: Window 'Editor Preferences' being destroyed
[2020.01.22-19.39.07:602][925]LogSlate: Window 'Editor Preferences' being destroyed
[2020.01.22-19.39.08:258][936]LogSlate: FSceneViewport::OnFocusLost() reason 2
[2020.01.22-19.39.11:539][102]LogSlate: Took 0.000376 seconds to synchronously load lazily loaded font '../../../Engine/Content/Slate/Fonts/Roboto-Light.ttf' (167K)
[2020.01.22-19.39.11:971][115]LogAssetEditorManager: Opening Asset editor for LevelScriptBlueprint /Game/StarterContent/Maps/Minimal_Default.Minimal_Default:PersistentLevel.Minimal_Default
[2020.01.22-19.39.13:923][115]LogContentBrowser: Native class hierarchy updated for 'BlueprintGraph' in 0.0015 seconds. Added 121 classes and 0 folders.
[2020.01.22-19.39.17:057][115]LogSlate: Took 0.018130 seconds to synchronously load lazily loaded font '../../../Engine/Content/Slate/Fonts/Roboto-BoldCondensed.ttf' (158K)
[2020.01.22-19.39.30:767][668]LogSlate: Window 'Minimal_Default' being destroyed
[2020.01.22-19.39.30:783][668]LogSlate: Window 'Minimal_Default' being destroyed
[2020.01.22-19.39.30:784][668]LogWorld: UWorld::CleanupWorld for World_1, bSessionEnded=true, bCleanupResources=true
[2020.01.22-19.40.16:088][923]LogSlate: Window 'Open Level' being destroyed
[2020.01.22-19.40.22:062][168]LogUObjectHash: Compacting FUObjectHashTables data took   5.49ms
[2020.01.22-19.40.22:075][168]Cmd: MAP LOAD FILE="../../../../../1_STUDIA_GRY/Silniki/Ball_Game/OneThing_Bukowska/Content/NewMap.umap" TEMPLATE=0 SHOWPROGRESS=1 FEATURELEVEL=3
[2020.01.22-19.40.22:122][168]LightingResults: New page: Lighting Build
[2020.01.22-19.40.22:123][168]LoadErrors: New page: Loading map: NewMap.umap
[2020.01.22-19.40.22:249][168]LogWorld: UWorld::CleanupWorld for Minimal_Default, bSessionEnded=true, bCleanupResources=true
[2020.01.22-19.40.22:257][168]MapCheck: New page: Map Check
[2020.01.22-19.40.22:257][168]LightingResults: New page: Lighting Build
[2020.01.22-19.40.22:411][168]LogUObjectHash: Compacting FUObjectHashTables data took   4.05ms
[2020.01.22-19.40.23:525][168]LogAIModule: Creating AISystem for world NewMap
[2020.01.22-19.40.23:831][168]LogEditorServer: Finished looking for orphan Actors (0.000 secs)
[2020.01.22-19.40.23:886][168]LogUObjectHash: Compacting FUObjectHashTables data took   6.73ms
[2020.01.22-19.40.24:012][168]Cmd: MAP CHECKDEP NOCLEARLOG
[2020.01.22-19.40.24:012][168]MapCheck: Map check complete: 0 Error(s), 0 Warning(s), took 0,599ms to complete.
[2020.01.22-19.40.24:013][168]LogFileHelpers: Loading map 'NewMap' took 1.950
[2020.01.22-19.40.24:025][168]LogSlate: Window 'Open Level' being destroyed
[2020.01.22-19.40.33:254][657]LogSlate: FSceneViewport::OnFocusLost() reason 0
[2020.01.22-19.40.47:893][456]LogSlate: Window 'Levels' being destroyed
[2020.01.22-19.40.47:903][456]LogSlate: Window 'Levels' being destroyed
[2020.01.22-19.40.54:256][811]LogSlate: FSceneViewport::OnFocusLost() reason 2
[2020.01.22-19.41.14:813][781]LogSlate: Window 'New Level' being destroyed
[2020.01.22-19.41.14:920][781]Cmd: MAP LOAD FILE="../../../Engine/Content/Maps/Templates/Template_Default.umap" TEMPLATE=1 SHOWPROGRESS=1 FEATURELEVEL=3
[2020.01.22-19.41.15:052][781]LightingResults: New page: Lighting Build
[2020.01.22-19.41.15:055][781]LoadErrors: New page: Loading map: Template_Default.umap
[2020.01.22-19.41.15:056][781]LogWorld: UWorld::CleanupWorld for NewMap, bSessionEnded=true, bCleanupResources=true
[2020.01.22-19.41.15:057][781]MapCheck: New page: Map Check
[2020.01.22-19.41.15:057][781]LightingResults: New page: Lighting Build
[2020.01.22-19.41.15:128][781]LogUObjectHash: Compacting FUObjectHashTables data took   5.76ms
[2020.01.22-19.41.15:299][781]LogAIModule: Creating AISystem for world Untitled_1
[2020.01.22-19.41.15:358][781]LogEditorServer: Finished looking for orphan Actors (0.000 secs)
[2020.01.22-19.41.15:413][781]LogUObjectHash: Compacting FUObjectHashTables data took   6.78ms
[2020.01.22-19.41.15:426][781]Cmd: MAP CHECKDEP NOCLEARLOG
[2020.01.22-19.41.15:427][781]MapCheck: Map check complete: 0 Error(s), 0 Warning(s), took 0,77ms to complete.
[2020.01.22-19.41.15:427][781]LogFileHelpers: Loading map 'Template_Default' took 0.509
[2020.01.22-19.41.18:086][867]LogSlate: Window 'Open Level' being destroyed
[2020.01.22-19.41.29:339][452]LogUObjectHash: Compacting FUObjectHashTables data took   5.63ms
[2020.01.22-19.41.34:107][452]LogSlate: Window 'Delete Assets' being destroyed
[2020.01.22-19.41.34:897][452]LogUObjectGlobals: Force Deleting 1 Package(s):
	Asset Name: /Game/NewMap_BuiltData.NewMap_BuiltData
[2020.01.22-19.41.38:317][452]LogUObjectHash: Compacting FUObjectHashTables data took   5.22ms
[2020.01.22-19.41.38:358][452]LogUObjectHash: Compacting FUObjectHashTables data took   3.41ms
[2020.01.22-19.41.38:391][452]LogUObjectHash: Compacting FUObjectHashTables data took   1.46ms
[2020.01.22-19.41.48:722][ 58]LogSlate: FSceneViewport::OnFocusLost() reason 0
[2020.01.22-19.41.51:393][204]LogLinker: Warning: While loading '../../../../../1_STUDIA_GRY/Silniki/Ball_Game/OneThing_Bukowska/Content/NewMap.umap' failed to load '/Game/NewMap_BuiltData': Can't find file.
[2020.01.22-19.41.51:394][204]LogLinker: Warning: While loading '../../../../../1_STUDIA_GRY/Silniki/Ball_Game/OneThing_Bukowska/Content/NewMap.umap' failed to load '/Game/NewMap_BuiltData': Can't find file.
[2020.01.22-19.41.51:449][204]LogLinker: Warning: While loading '../../../../../1_STUDIA_GRY/Silniki/Ball_Game/OneThing_Bukowska/Content/NewMap.umap' failed to load '/Game/NewMap_BuiltData': Can't find file.
[2020.01.22-19.41.51:449][204]LogLinker: Warning: While loading '../../../../../1_STUDIA_GRY/Silniki/Ball_Game/OneThing_Bukowska/Content/NewMap.umap' failed to load '/Game/NewMap_BuiltData': Can't find file.
[2020.01.22-19.41.51:456][204]LogLinker: Warning: Failed to load '/Game/NewMap_BuiltData': Can't find file.
[2020.01.22-19.41.51:457][204]LogLinker: Warning: Failed to load '/Game/NewMap_BuiltData': Can't find file.
[2020.01.22-19.41.51:457][204]LogLinker: Warning: Failed to load '/Game/NewMap_BuiltData': Can't find file.
[2020.01.22-19.41.51:458][204]LogLinker: Warning: Failed to load '/Game/NewMap_BuiltData': Can't find file.
[2020.01.22-19.41.51:475][204]LogLinker: Warning: While loading '../../../../../1_STUDIA_GRY/Silniki/Ball_Game/OneThing_Bukowska/Content/NewMap.umap' failed to load '/Game/NewMap_BuiltData': Can't find file.
[2020.01.22-19.41.51:481][204]LoadErrors: Failed to load /Game/NewMap_BuiltData.NewMap_BuiltData Referenced by PersistentLevel
[2020.01.22-19.41.51:482][204]LogLinker: Warning: While loading '../../../../../1_STUDIA_GRY/Silniki/Ball_Game/OneThing_Bukowska/Content/NewMap.umap' failed to load '/Game/NewMap_BuiltData': Can't find file.
[2020.01.22-19.41.51:486][204]LogAIModule: Creating AISystem for world NewMap
[2020.01.22-19.41.51:506][204]LogAssetEditorManager: Opening Asset editor for World /Game/NewMap.NewMap
[2020.01.22-19.41.51:559][204]LogUObjectHash: Compacting FUObjectHashTables data took   4.99ms
[2020.01.22-19.41.51:561][204]Cmd: MAP LOAD FILE="../../../../../1_STUDIA_GRY/Silniki/Ball_Game/OneThing_Bukowska/Content/NewMap.umap" TEMPLATE=0 SHOWPROGRESS=1 FEATURELEVEL=3
[2020.01.22-19.41.51:561][204]LightingResults: New page: Lighting Build
[2020.01.22-19.41.51:562][204]LoadErrors: New page: Loading map: NewMap.umap
[2020.01.22-19.41.51:562][204]LogWorld: UWorld::CleanupWorld for Untitled_1, bSessionEnded=true, bCleanupResources=true
[2020.01.22-19.41.51:562][204]MapCheck: New page: Map Check
[2020.01.22-19.41.51:563][204]LightingResults: New page: Lighting Build
[2020.01.22-19.41.51:604][204]LogUObjectHash: Compacting FUObjectHashTables data took   4.87ms
[2020.01.22-19.41.51:608][204]LogEditorServer: Finished looking for orphan Actors (0.000 secs)
[2020.01.22-19.41.51:656][204]LogUObjectHash: Compacting FUObjectHashTables data took   4.67ms
[2020.01.22-19.41.51:701][204]Cmd: MAP CHECKDEP NOCLEARLOG
[2020.01.22-19.41.51:703][204]MapCheck: Map check complete: 0 Error(s), 0 Warning(s), took 1,687ms to complete.
[2020.01.22-19.41.51:703][204]LogFileHelpers: Loading map 'NewMap' took 0.145
[2020.01.22-19.42.02:001][799]LogSlate: FSceneViewport::OnFocusLost() reason 2
[2020.01.22-19.42.05:806][ 20]LogAssetEditorManager: Opening Asset editor for LevelScriptBlueprint /Game/NewMap.NewMap:PersistentLevel.NewMap
[2020.01.22-19.42.06:907][ 21]LogSlate: Took 0.040256 seconds to synchronously load lazily loaded font '../../../Engine/Content/Slate/Fonts/Roboto-Italic.ttf' (157K)
[2020.01.22-19.43.26:353][  1]LogUObjectHash: Compacting FUObjectHashTables data took   1.35ms
[2020.01.22-19.43.26:640][  1]LogWorld: UWorld::CleanupWorld for World_2, bSessionEnded=true, bCleanupResources=true
[2020.01.22-19.43.26:678][  1]LogSlate: Window 'OneThing_Bukowska - Unreal Editor' being destroyed
[2020.01.22-19.43.27:073][  2]Cmd: QUIT_EDITOR
[2020.01.22-19.43.27:583][  2]LogWindowsTextInputMethodSystem: Display: IME system now deactivated.
[2020.01.22-19.43.27:829][  2]LogExit: Preparing to exit.
[2020.01.22-19.43.28:846][  2]LogWorld: UWorld::CleanupWorld for World_0, bSessionEnded=true, bCleanupResources=true
[2020.01.22-19.43.29:017][  2]LogDemo: Cleaned up 0 splitscreen connections with owner deletion
[2020.01.22-19.43.29:324][  2]LogWorld: UWorld::CleanupWorld for None, bSessionEnded=true, bCleanupResources=true
[2020.01.22-19.43.29:324][  2]LogExit: Editor shut down
[2020.01.22-19.43.29:324][  2]LogExit: Transaction tracking system shut down
[2020.01.22-19.43.31:810][  2]LogExit: Object subsystem successfully closed.
[2020.01.22-19.43.32:118][  2]LogShaderCompilers: Display: Shaders left to compile 0
[2020.01.22-19.43.33:513][  2]LogModuleManager: Shutting down and abandoning module HierarchicalLODUtilities (676)
[2020.01.22-19.43.33:522][  2]LogModuleManager: Shutting down and abandoning module NewLevelDialog (674)
[2020.01.22-19.43.33:522][  2]LogModuleManager: Shutting down and abandoning module BlueprintGraph (672)
[2020.01.22-19.43.33:522][  2]LogModuleManager: Shutting down and abandoning module WorldBrowser (670)
[2020.01.22-19.43.33:522][  2]LogModuleManager: Shutting down and abandoning module HierarchicalLODOutliner (668)
[2020.01.22-19.43.33:523][  2]LogModuleManager: Shutting down and abandoning module SceneOutliner (666)
[2020.01.22-19.43.33:523][  2]LogModuleManager: Shutting down and abandoning module AddContentDialog (664)
[2020.01.22-19.43.33:545][  2]LogModuleManager: Shutting down and abandoning module WidgetCarousel (663)
[2020.01.22-19.43.33:545][  2]LogModuleManager: Shutting down and abandoning module EditorWidgets (660)
[2020.01.22-19.43.33:545][  2]LogModuleManager: Shutting down and abandoning module CollectionManager (658)
[2020.01.22-19.43.33:583][  2]LogModuleManager: Shutting down and abandoning module StatsViewer (656)
[2020.01.22-19.43.33:677][  2]LogModuleManager: Shutting down and abandoning module VirtualTexturingEditor (654)
[2020.01.22-19.43.33:677][  2]LogModuleManager: Shutting down and abandoning module FoliageEdit (652)
[2020.01.22-19.43.33:696][  2]LogModuleManager: Shutting down and abandoning module LandscapeEditor (650)
[2020.01.22-19.43.33:761][  2]LogModuleManager: Shutting down and abandoning module MeshPaintMode (648)
[2020.01.22-19.43.33:761][  2]LogModuleManager: Shutting down and abandoning module SceneDepthPickerMode (646)
[2020.01.22-19.43.33:762][  2]LogModuleManager: Shutting down and abandoning module ActorPickerMode (644)
[2020.01.22-19.43.33:762][  2]LogModuleManager: Shutting down and abandoning module GeometryMode (642)
[2020.01.22-19.43.33:766][  2]LogModuleManager: Shutting down and abandoning module TextureAlignMode (640)
[2020.01.22-19.43.33:766][  2]LogModuleManager: Shutting down and abandoning module BspMode (638)
[2020.01.22-19.43.33:766][  2]LogModuleManager: Shutting down and abandoning module PIEPreviewDeviceProfileSelector (636)
[2020.01.22-19.43.33:782][  2]LogModuleManager: Shutting down and abandoning module SequenceRecorderSections (634)
[2020.01.22-19.43.33:788][  2]LogModuleManager: Shutting down and abandoning module AutomationWorker (632)
[2020.01.22-19.43.33:788][  2]LogModuleManager: Shutting down and abandoning module OculusMR (630)
[2020.01.22-19.43.33:788][  2]LogModuleManager: Shutting down and abandoning module AudioCaptureEditor (628)
[2020.01.22-19.43.33:802][  2]LogModuleManager: Shutting down and abandoning module MatineeToLevelSequence (626)
[2020.01.22-19.43.33:808][  2]LogModuleManager: Shutting down and abandoning module LevelSequenceEditor (624)
[2020.01.22-19.43.33:861][  2]LogModuleManager: Shutting down and abandoning module PlacementMode (623)
[2020.01.22-19.43.33:861][  2]LogModuleManager: Shutting down and abandoning module MaterialEditor (622)
[2020.01.22-19.43.33:934][  2]LogModuleManager: Shutting down and abandoning module ActorSequenceEditor (618)
[2020.01.22-19.43.33:943][  2]LogModuleManager: Shutting down and abandoning module WmfMediaFactory (616)
[2020.01.22-19.43.33:943][  2]LogModuleManager: Shutting down and abandoning module WmfMediaEditor (614)
[2020.01.22-19.43.33:943][  2]LogModuleManager: Shutting down and abandoning module WebMMediaFactory (612)
[2020.01.22-19.43.33:943][  2]LogModuleManager: Shutting down and abandoning module WebMMediaEditor (610)
[2020.01.22-19.43.33:943][  2]LogModuleManager: Shutting down and abandoning module WebMMedia (608)
[2020.01.22-19.43.33:951][  2]LogModuleManager: Shutting down and abandoning module MediaPlayerEditor (606)
[2020.01.22-19.43.33:965][  2]LogModuleManager: Shutting down and abandoning module MediaCompositingEditor (604)
[2020.01.22-19.43.33:989][  2]LogModuleManager: Shutting down and abandoning module SequenceRecorder (603)
[2020.01.22-19.43.33:989][  2]LogModuleManager: Shutting down and abandoning module OpenExrWrapper (600)
[2020.01.22-19.43.33:989][  2]LogModuleManager: Shutting down and abandoning module ImgMediaFactory (598)
[2020.01.22-19.43.33:989][  2]LogModuleManager: Shutting down and abandoning module ImgMediaEditor (596)
[2020.01.22-19.43.33:989][  2]LogModuleManager: Shutting down and abandoning module AvfMediaFactory (594)
[2020.01.22-19.43.33:989][  2]LogModuleManager: Shutting down and abandoning module AvfMediaEditor (592)
[2020.01.22-19.43.33:989][  2]LogModuleManager: Shutting down and abandoning module AndroidMediaFactory (590)
[2020.01.22-19.43.33:989][  2]LogModuleManager: Shutting down and abandoning module AndroidMediaEditor (588)
[2020.01.22-19.43.33:989][  2]LogModuleManager: Shutting down and abandoning module MagicLeapCameraPreviewFactory (586)
[2020.01.22-19.43.33:989][  2]LogModuleManager: Shutting down and abandoning module MagicLeapMediaCodecFactory (584)
[2020.01.22-19.43.33:989][  2]LogModuleManager: Shutting down and abandoning module MagicLeapMediaFactory (582)
[2020.01.22-19.43.33:989][  2]LogModuleManager: Shutting down and abandoning module MagicLeapMediaEditor (580)
[2020.01.22-19.43.33:989][  2]LogModuleManager: Shutting down and abandoning module CharacterAI (578)
[2020.01.22-19.43.33:989][  2]LogModuleManager: Shutting down and abandoning module SmartSnapping (576)
[2020.01.22-19.43.33:989][  2]LogModuleManager: Shutting down and abandoning module SessionServices (574)
[2020.01.22-19.43.33:989][  2]LogModuleManager: Shutting down and abandoning module MeshPaint (572)
[2020.01.22-19.43.34:002][  2]LogModuleManager: Shutting down and abandoning module ViewportSnapping (570)
[2020.01.22-19.43.34:002][  2]LogModuleManager: Shutting down and abandoning module ViewportInteraction (568)
[2020.01.22-19.43.34:002][  2]LogModuleManager: Shutting down and abandoning module ClothPainter (566)
[2020.01.22-19.43.34:020][  2]LogModuleManager: Shutting down and abandoning module SkeletalMeshEditor (565)
[2020.01.22-19.43.34:053][  2]LogModuleManager: Shutting down and abandoning module LogVisualizer (562)
[2020.01.22-19.43.34:077][  2]LogModuleManager: Shutting down and abandoning module IntroTutorials (560)
[2020.01.22-19.43.34:077][  2]LogModuleManager: Shutting down and abandoning module GameProjectGeneration (559)
[2020.01.22-19.43.34:090][  2]LogModuleManager: Shutting down and abandoning module LuminPlatformEditor (556)
[2020.01.22-19.43.34:090][  2]LogModuleManager: Shutting down and abandoning module IOSPlatformEditor (554)
[2020.01.22-19.43.34:106][  2]LogModuleManager: Shutting down and abandoning module HTML5PlatformEditor (552)
[2020.01.22-19.43.34:106][  2]LogModuleManager: Shutting down and abandoning module AndroidPlatformEditor (550)
[2020.01.22-19.43.34:106][  2]LogModuleManager: Shutting down and abandoning module AndroidDeviceDetection (549)
[2020.01.22-19.43.34:969][  2]LogModuleManager: Shutting down and abandoning module WindowsPlatformEditor (546)
[2020.01.22-19.43.34:969][  2]LogModuleManager: Shutting down and abandoning module LuminRuntimeSettings (544)
[2020.01.22-19.43.34:969][  2]LogModuleManager: Shutting down and abandoning module IOSRuntimeSettings (542)
[2020.01.22-19.43.34:969][  2]LogModuleManager: Shutting down and abandoning module AndroidRuntimeSettings (540)
[2020.01.22-19.43.34:969][  2]LogModuleManager: Shutting down and abandoning module TimeManagementEditor (538)
[2020.01.22-19.43.34:969][  2]LogModuleManager: Shutting down and abandoning module InputBindingEditor (536)
[2020.01.22-19.43.34:969][  2]LogModuleManager: Shutting down and abandoning module MergeActors (534)
[2020.01.22-19.43.35:125][  2]LogModuleManager: Shutting down and abandoning module LocalizationDashboard (532)
[2020.01.22-19.43.35:143][  2]LogModuleManager: Shutting down and abandoning module LocalizationService (531)
[2020.01.22-19.43.35:161][  2]LogModuleManager: Shutting down and abandoning module HardwareTargeting (528)
[2020.01.22-19.43.35:161][  2]LogModuleManager: Shutting down and abandoning module DeviceProfileEditor (526)
[2020.01.22-19.43.35:171][  2]LogModuleManager: Shutting down and abandoning module UndoHistory (524)
[2020.01.22-19.43.35:177][  2]LogModuleManager: Shutting down and abandoning module XmlParser (522)
[2020.01.22-19.43.35:192][  2]LogModuleManager: Shutting down and abandoning module Blutility (520)
[2020.01.22-19.43.35:192][  2]LogModuleManager: Shutting down and abandoning module ProjectSettingsViewer (518)
[2020.01.22-19.43.35:192][  2]LogModuleManager: Shutting down and abandoning module ProjectTargetPlatformEditor (517)
[2020.01.22-19.43.35:192][  2]LogModuleManager: Shutting down and abandoning module EditorSettingsViewer (514)
[2020.01.22-19.43.35:193][  2]LogModuleManager: Shutting down and abandoning module SettingsEditor (512)
[2020.01.22-19.43.35:219][  2]LogModuleManager: Shutting down and abandoning module ProjectLauncher (510)
[2020.01.22-19.43.35:223][  2]LogModuleManager: Shutting down and abandoning module SessionFrontend (508)
[2020.01.22-19.43.35:236][  2]LogModuleManager: Shutting down and abandoning module ProfilerClient (506)
[2020.01.22-19.43.35:243][  2]LogModuleManager: Shutting down and abandoning module DeviceManager (504)
[2020.01.22-19.43.35:251][  2]LogModuleManager: Shutting down and abandoning module TargetDeviceServices (503)
[2020.01.22-19.43.35:307][  2]LogModuleManager: Shutting down and abandoning module AutomationController (500)
[2020.01.22-19.43.35:377][  2]LogModuleManager: Shutting down and abandoning module AutomationWindow (498)
[2020.01.22-19.43.35:400][  2]LogModuleManager: Shutting down and abandoning module Layers (496)
[2020.01.22-19.43.35:439][  2]LogModuleManager: Shutting down and abandoning module ComponentVisualizers (494)
[2020.01.22-19.43.35:439][  2]LogModuleManager: Shutting down and abandoning module DetailCustomizations (492)
[2020.01.22-19.43.35:449][  2]LogModuleManager: Shutting down and abandoning module PackagesDialog (490)
[2020.01.22-19.43.35:473][  2]LogModuleManager: Shutting down and abandoning module AnimationBlueprintEditor (488)
[2020.01.22-19.43.35:503][  2]LogModuleManager: Shutting down and abandoning module Persona (486)
[2020.01.22-19.43.35:516][  2]LogModuleManager: Shutting down and abandoning module AdvancedPreviewScene (485)
[2020.01.22-19.43.35:517][  2]LogModuleManager: Shutting down and abandoning module AnimGraph (483)
[2020.01.22-19.43.35:517][  2]LogModuleManager: Shutting down and abandoning module Kismet (480)
[2020.01.22-19.43.35:545][  2]LogModuleManager: Shutting down and abandoning module KismetWidgets (479)
[2020.01.22-19.43.35:560][  2]LogModuleManager: Shutting down and abandoning module GraphEditor (476)
[2020.01.22-19.43.35:561][  2]LogModuleManager: Shutting down and abandoning module StructViewer (474)
[2020.01.22-19.43.35:561][  2]LogModuleManager: Shutting down and abandoning module ClassViewer (472)
[2020.01.22-19.43.35:561][  2]LogModuleManager: Shutting down and abandoning module Toolbox (470)
[2020.01.22-19.43.35:561][  2]LogModuleManager: Shutting down and abandoning module ModuleUI (468)
[2020.01.22-19.43.35:607][  2]LogModuleManager: Shutting down and abandoning module MovieSceneTools (466)
[2020.01.22-19.43.35:622][  2]LogModuleManager: Shutting down and abandoning module OutputLog (464)
[2020.01.22-19.43.35:634][  2]LogModuleManager: Shutting down and abandoning module GammaUI (462)
[2020.01.22-19.43.35:648][  2]LogModuleManager: Shutting down and abandoning module Documentation (460)
[2020.01.22-19.43.35:648][  2]LogModuleManager: Shutting down and abandoning module LiveCoding (458)
[2020.01.22-19.43.35:659][  2]LogModuleManager: Shutting down and abandoning module LevelSequence (456)
[2020.01.22-19.43.35:659][  2]LogModuleManager: Shutting down and abandoning module MovieSceneTracks (454)
[2020.01.22-19.43.35:659][  2]LogModuleManager: Shutting down and abandoning module MovieScene (452)
[2020.01.22-19.43.35:659][  2]LogModuleManager: Shutting down and abandoning module StreamingPauseRendering (450)
[2020.01.22-19.43.35:667][  2]LogModuleManager: Shutting down and abandoning module LauncherPlatform (448)
[2020.01.22-19.43.35:667][  2]LogModuleManager: Shutting down and abandoning module AnalyticsET (446)
[2020.01.22-19.43.35:667][  2]LogModuleManager: Shutting down and abandoning module PortalServices (444)
[2020.01.22-19.43.35:667][  2]LogModuleManager: Shutting down and abandoning module PortalRpc (442)
[2020.01.22-19.43.35:667][  2]LogModuleManager: Shutting down and abandoning module MessagingRpc (440)
[2020.01.22-19.43.35:667][  2]LogModuleManager: Shutting down and abandoning module AIModule (438)
[2020.01.22-19.43.35:675][  2]LogModuleManager: Shutting down and abandoning module GameplayDebugger (437)
[2020.01.22-19.43.35:687][  2]LogModuleManager: Shutting down and abandoning module AITestSuite (435)
[2020.01.22-19.43.35:687][  2]LogModuleManager: Shutting down and abandoning module NavigationSystem (433)
[2020.01.22-19.43.35:688][  2]LogModuleManager: Shutting down and abandoning module DesktopPlatform (430)
[2020.01.22-19.43.35:702][  2]LogModuleManager: Shutting down and abandoning module ImageWriteQueue (428)
[2020.01.22-19.43.35:708][  2]LogModuleManager: Shutting down and abandoning module ProfilerService (426)
[2020.01.22-19.43.35:894][  2]LogModuleManager: Shutting down and abandoning module TaskGraph (424)
[2020.01.22-19.43.35:936][  2]LogModuleManager: Shutting down and abandoning module ScreenshotTools (422)
[2020.01.22-19.43.35:936][  2]LogModuleManager: Shutting down and abandoning module SteamVRController (420)
[2020.01.22-19.43.35:936][  2]LogModuleManager: Shutting down and abandoning module ProceduralMeshComponentEditor (418)
[2020.01.22-19.43.35:936][  2]LogModuleManager: Shutting down and abandoning module ProceduralMeshComponent (416)
[2020.01.22-19.43.35:951][  2]LogModuleManager: Shutting down and abandoning module OculusEditor (414)
[2020.01.22-19.43.35:951][  2]LogModuleManager: Shutting down and abandoning module OculusInput (412)
[2020.01.22-19.43.35:951][  2]LogModuleManager: Shutting down and abandoning module MobilePatchingUtils (410)
[2020.01.22-19.43.35:951][  2]LogModuleManager: Shutting down and abandoning module EditableMesh (408)
[2020.01.22-19.43.35:951][  2]LogModuleManager: Shutting down and abandoning module CustomMeshComponent (406)
[2020.01.22-19.43.35:951][  2]LogModuleManager: Shutting down and abandoning module CableComponent (404)
[2020.01.22-19.43.35:951][  2]LogModuleManager: Shutting down and abandoning module AudioCapture (402)
[2020.01.22-19.43.35:951][  2]LogModuleManager: Shutting down and abandoning module ArchVisCharacter (400)
[2020.01.22-19.43.35:951][  2]LogModuleManager: Shutting down and abandoning module AppleImageUtilsBlueprintSupport (398)
[2020.01.22-19.43.35:951][  2]LogModuleManager: Shutting down and abandoning module AppleImageUtils (396)
[2020.01.22-19.43.35:951][  2]LogModuleManager: Shutting down and abandoning module AndroidPermission (394)
[2020.01.22-19.43.35:951][  2]LogModuleManager: Shutting down and abandoning module NUTUnrealEngine4 (392)
[2020.01.22-19.43.35:961][  2]LogModuleManager: Shutting down and abandoning module NetcodeUnitTest (390)
[2020.01.22-19.43.35:974][  2]LogModuleManager: Shutting down and abandoning module MediaCompositing (388)
[2020.01.22-19.43.35:974][  2]LogModuleManager: Shutting down and abandoning module ImgMedia (386)
[2020.01.22-19.43.35:988][  2]LogModuleManager: Shutting down and abandoning module MagicLeapHelperVulkan (384)
[2020.01.22-19.43.35:988][  2]LogModuleManager: Shutting down and abandoning module MagicLeapHelperOpenGL (382)
[2020.01.22-19.43.35:988][  2]LogModuleManager: Shutting down and abandoning module MagicLeapAudio (380)
[2020.01.22-19.43.36:000][  2]LogModuleManager: Shutting down and abandoning module HTML5Networking (378)
[2020.01.22-19.43.36:000][  2]LogModuleManager: Shutting down and abandoning module GeometryCacheTracks (376)
[2020.01.22-19.43.36:000][  2]LogModuleManager: Shutting down and abandoning module GeometryCacheSequencer (374)
[2020.01.22-19.43.36:000][  2]LogModuleManager: Shutting down and abandoning module BackChannel (372)
[2020.01.22-19.43.36:008][  2]LogModuleManager: Shutting down and abandoning module AutomationUtilsEditor (370)
[2020.01.22-19.43.36:008][  2]LogModuleManager: Shutting down and abandoning module AutomationUtils (368)
[2020.01.22-19.43.36:008][  2]LogModuleManager: Shutting down and abandoning module AlembicImporter (366)
[2020.01.22-19.43.36:014][  2]LogModuleManager: Shutting down and abandoning module AlembicLibrary (365)
[2020.01.22-19.43.36:014][  2]LogModuleManager: Shutting down and abandoning module GeometryCache (364)
[2020.01.22-19.43.36:014][  2]LogModuleManager: Shutting down and abandoning module GeometryCacheEd (363)
[2020.01.22-19.43.36:014][  2]LogModuleManager: Shutting down and abandoning module VariantManagerContent (358)
[2020.01.22-19.43.36:014][  2]LogModuleManager: Shutting down and abandoning module DatasmithContentEditor (356)
[2020.01.22-19.43.36:015][  2]LogModuleManager: Shutting down and abandoning module SpeedTreeImporter (354)
[2020.01.22-19.43.36:015][  2]LogModuleManager: Shutting down and abandoning module PluginBrowser (352)
[2020.01.22-19.43.36:032][  2]LogModuleManager: Shutting down and abandoning module MobileLauncherProfileWizard (350)
[2020.01.22-19.43.36:044][  2]LogModuleManager: Shutting down and abandoning module MaterialAnalyzer (348)
[2020.01.22-19.43.36:149][  2]LogModuleManager: Shutting down and abandoning module CurveEditorTools (346)
[2020.01.22-19.43.36:172][  2]LogModuleManager: Shutting down and abandoning module CurveEditor (345)
[2020.01.22-19.43.36:182][  2]LogModuleManager: Shutting down and abandoning module CryptoKeysOpenSSL (342)
[2020.01.22-19.43.36:182][  2]LogModuleManager: Shutting down and abandoning module CryptoKeys (340)
[2020.01.22-19.43.36:182][  2]LogModuleManager: Shutting down and abandoning module VisualStudioSourceCodeAccess (338)
[2020.01.22-19.43.36:190][  2]LogModuleManager: Shutting down and abandoning module VisualStudioCodeSourceCodeAccess (336)
[2020.01.22-19.43.36:190][  2]LogModuleManager: Shutting down and abandoning module UObjectPlugin (334)
[2020.01.22-19.43.36:190][  2]LogModuleManager: Shutting down and abandoning module SubversionSourceControl (332)
[2020.01.22-19.43.36:199][  2]LogModuleManager: Shutting down and abandoning module PerforceSourceControl (330)
[2020.01.22-19.43.36:245][  2]LogModuleManager: Shutting down and abandoning module GitSourceControl (328)
[2020.01.22-19.43.36:275][  2]LogModuleManager: Shutting down and abandoning module SourceControl (327)
[2020.01.22-19.43.36:275][  2]LogModuleManager: Shutting down and abandoning module CLionSourceCodeAccess (324)
[2020.01.22-19.43.36:275][  2]LogModuleManager: Shutting down and abandoning module AnimationSharingEd (322)
[2020.01.22-19.43.36:275][  2]LogModuleManager: Shutting down and abandoning module ActorLayerUtilitiesEditor (320)
[2020.01.22-19.43.36:275][  2]LogModuleManager: Shutting down and abandoning module ActorLayerUtilities (318)
[2020.01.22-19.43.36:275][  2]LogModuleManager: Shutting down and abandoning module LightPropagationVolumeEditor (316)
[2020.01.22-19.43.36:275][  2]LogModuleManager: Shutting down and abandoning module PaperTiledImporter (314)
[2020.01.22-19.43.36:275][  2]LogModuleManager: Shutting down and abandoning module PaperSpriteSheetImporter (312)
[2020.01.22-19.43.36:275][  2]LogModuleManager: Shutting down and abandoning module Paper2DEditor (310)
[2020.01.22-19.43.36:329][  2]LogModuleManager: Shutting down and abandoning module SignificanceManager (308)
[2020.01.22-19.43.36:329][  2]LogModuleManager: Shutting down and abandoning module RuntimePhysXCooking (306)
[2020.01.22-19.43.36:329][  2]LogModuleManager: Shutting down and abandoning module PhysXVehiclesEditor (304)
[2020.01.22-19.43.36:329][  2]LogModuleManager: Shutting down and abandoning module LocationServicesBPLibrary (300)
[2020.01.22-19.43.36:329][  2]LogModuleManager: Shutting down and abandoning module ActorSequence (298)
[2020.01.22-19.43.36:329][  2]LogModuleManager: Shutting down and abandoning module UdpMessaging (296)
[2020.01.22-19.43.36:430][  2]LogModuleManager: Shutting down and abandoning module TcpMessaging (294)
[2020.01.22-19.43.36:550][  2]LogModuleManager: Shutting down and abandoning module MagicLeapIdentity (292)
[2020.01.22-19.43.36:550][  2]LogModuleManager: Shutting down and abandoning module MagicLeapSecureStorage (290)
[2020.01.22-19.43.36:550][  2]LogModuleManager: Shutting down and abandoning module MagicLeapHandTracking (288)
[2020.01.22-19.43.36:558][  2]LogModuleManager: Shutting down and abandoning module MagicLeapEyeTracker (286)
[2020.01.22-19.43.36:558][  2]LogModuleManager: Shutting down and abandoning module MagicLeapController (284)
[2020.01.22-19.43.36:559][  2]LogSlate: Slate User Destroyed.  User Index 0, Is Virtual User: 0
[2020.01.22-19.43.36:559][  2]LogModuleManager: Shutting down and abandoning module MagicLeapAR (282)
[2020.01.22-19.43.36:559][  2]LogModuleManager: Shutting down and abandoning module AugmentedReality (281)
[2020.01.22-19.43.36:559][  2]LogModuleManager: Shutting down and abandoning module GameplayTagsEditor (278)
[2020.01.22-19.43.36:572][  2]LogModuleManager: Shutting down and abandoning module FacialAnimationEditor (276)
[2020.01.22-19.43.36:572][  2]LogModuleManager: Shutting down and abandoning module FacialAnimation (274)
[2020.01.22-19.43.36:572][  2]LogModuleManager: Shutting down and abandoning module DataValidation (272)
[2020.01.22-19.43.36:630][  2]LogModuleManager: Shutting down and abandoning module AssetManagerEditor (270)
[2020.01.22-19.43.36:639][  2]LogModuleManager: Shutting down and abandoning module LevelEditor (269)
[2020.01.22-19.43.36:662][  2]LogModuleManager: Shutting down and abandoning module PixelInspectorModule (268)
[2020.01.22-19.43.36:680][  2]LogModuleManager: Shutting down and abandoning module CommonMenuExtensions (266)
[2020.01.22-19.43.36:681][  2]LogModuleManager: Shutting down and abandoning module MainFrame (264)
[2020.01.22-19.43.36:681][  2]LogModuleManager: Shutting down and abandoning module HotReload (263)
[2020.01.22-19.43.36:695][  2]LogModuleManager: Shutting down and abandoning module ContentBrowser (259)
[2020.01.22-19.43.36:696][  2]LogModuleManager: Shutting down and abandoning module TreeMap (257)
[2020.01.22-19.43.36:706][  2]LogModuleManager: Shutting down and abandoning module AnimationSharing (254)
[2020.01.22-19.43.36:706][  2]LogModuleManager: Shutting down and abandoning module LightPropagationVolumeRuntime (252)
[2020.01.22-19.43.36:707][  2]LogModuleManager: Shutting down and abandoning module Paper2D (250)
[2020.01.22-19.43.36:719][  2]LogModuleManager: Shutting down and abandoning module WindowsMoviePlayer (248)
[2020.01.22-19.43.36:724][  2]LogModuleManager: Shutting down and abandoning module WebMMoviePlayer (246)
[2020.01.22-19.43.36:728][  2]LogModuleManager: Shutting down and abandoning module NetworkReplayStreaming (244)
[2020.01.22-19.43.36:728][  2]LogModuleManager: Shutting down and abandoning module PacketHandler (242)
[2020.01.22-19.43.36:728][  2]LogModuleManager: Shutting down and abandoning module ClothingSystemEditor (240)
[2020.01.22-19.43.36:728][  2]LogModuleManager: Shutting down and abandoning module ClothingSystemRuntime (238)
[2020.01.22-19.43.36:739][  2]LogModuleManager: Shutting down and abandoning module MediaAssets (236)
[2020.01.22-19.43.36:740][  2]LogModuleManager: Shutting down and abandoning module Overlay (234)
[2020.01.22-19.43.36:740][  2]LogModuleManager: Shutting down and abandoning module OverlayEditor (233)
[2020.01.22-19.43.36:740][  2]LogModuleManager: Shutting down and abandoning module VREditor (230)
[2020.01.22-19.43.36:753][  2]LogModuleManager: Shutting down and abandoning module StringTableEditor (228)
[2020.01.22-19.43.36:777][  2]LogModuleManager: Shutting down and abandoning module GameplayTasksEditor (226)
[2020.01.22-19.43.36:777][  2]LogModuleManager: Shutting down and abandoning module BehaviorTreeEditor (224)
[2020.01.22-19.43.36:808][  2]LogModuleManager: Shutting down and abandoning module FunctionalTesting (222)
[2020.01.22-19.43.36:814][  2]LogModuleManager: Shutting down and abandoning module CollisionAnalyzer (220)
[2020.01.22-19.43.36:891][  2]LogModuleManager: Shutting down and abandoning module WorkspaceMenuStructure (219)
[2020.01.22-19.43.36:891][  2]LogModuleManager: Shutting down and abandoning module UMG (216)
[2020.01.22-19.43.36:902][  2]LogModuleManager: Shutting down and abandoning module UMGEditor (215)
[2020.01.22-19.43.36:929][  2]LogModuleManager: Shutting down and abandoning module Sequencer (214)
[2020.01.22-19.43.36:979][  2]LogModuleManager: Shutting down and abandoning module MessageLog (211)
[2020.01.22-19.43.36:979][  2]LogModuleManager: Shutting down and abandoning module SlateReflector (206)
[2020.01.22-19.43.37:021][  2]LogModuleManager: Shutting down and abandoning module Slate (204)
[2020.01.22-19.43.37:021][  2]LogModuleManager: Shutting down and abandoning module LandscapeEditorUtilities (202)
[2020.01.22-19.43.37:021][  2]LogModuleManager: Shutting down and abandoning module EditorStyle (200)
[2020.01.22-19.43.37:022][  2]LogModuleManager: Shutting down and abandoning module UnrealEd (198)
[2020.01.22-19.43.37:022][  2]LogModuleManager: Shutting down and abandoning module MRMesh (196)
[2020.01.22-19.43.37:022][  2]LogModuleManager: Shutting down and abandoning module SourceCodeAccess (194)
[2020.01.22-19.43.37:022][  2]LogModuleManager: Shutting down and abandoning module HeadMountedDisplay (192)
[2020.01.22-19.43.37:022][  2]LogModuleManager: Shutting down and abandoning module XAudio2 (190)
[2020.01.22-19.43.37:022][  2]LogModuleManager: Shutting down and abandoning module Networking (188)
[2020.01.22-19.43.37:022][  2]LogModuleManager: Shutting down and abandoning module Core (186)
[2020.01.22-19.43.37:023][  2]LogModuleManager: Shutting down and abandoning module KismetCompiler (184)
[2020.01.22-19.43.37:023][  2]LogModuleManager: Shutting down and abandoning module MeshUtilities (182)
[2020.01.22-19.43.37:023][  2]LogModuleManager: Shutting down and abandoning module MeshMergeUtilities (181)
[2020.01.22-19.43.37:035][  2]LogModuleManager: Shutting down and abandoning module MeshReductionInterface (180)
[2020.01.22-19.43.37:035][  2]LogModuleManager: Shutting down and abandoning module SkeletalMeshReduction (179)
[2020.01.22-19.43.37:064][  2]LogModuleManager: Shutting down and abandoning module ProxyLODMeshReduction (177)
[2020.01.22-19.43.37:120][  2]LogModuleManager: Shutting down and abandoning module QuadricMeshReduction (175)
[2020.01.22-19.43.37:158][  2]LogModuleManager: Shutting down and abandoning module MaterialBaking (171)
[2020.01.22-19.43.37:207][  2]LogModuleManager: Shutting down and abandoning module NullInstallBundleManager (166)
[2020.01.22-19.43.37:207][  2]LogModuleManager: Shutting down and abandoning module DerivedDataCache (164)
[2020.01.22-19.43.37:207][  2]LogDerivedDataCache: Shutdown
[2020.01.22-19.43.37:226][  2]LogModuleManager: Shutting down and abandoning module XGEController (162)
[2020.01.22-19.43.37:226][  2]LogXGEController: Cleaning working directory: C:/Users/Eljonek/AppData/Local/Temp/UnrealXGEWorkingDir/
[2020.01.22-19.43.37:237][  2]LogModuleManager: Shutting down and abandoning module TargetPlatform (160)
[2020.01.22-19.43.37:255][  2]LogModuleManager: Shutting down and abandoning module VulkanShaderFormat (159)
[2020.01.22-19.43.37:277][  2]LogModuleManager: Shutting down and abandoning module ShaderFormatVectorVM (157)
[2020.01.22-19.43.37:292][  2]LogModuleManager: Shutting down and abandoning module ShaderFormatOpenGL (155)
[2020.01.22-19.43.37:307][  2]LogModuleManager: Shutting down and abandoning module ShaderFormatD3D (153)
[2020.01.22-19.43.37:315][  2]LogModuleManager: Shutting down and abandoning module MetalShaderFormat (151)
[2020.01.22-19.43.37:371][  2]LogModuleManager: Shutting down and abandoning module TextureFormatUncompressed (149)
[2020.01.22-19.43.37:371][  2]LogModuleManager: Shutting down and abandoning module TextureFormatPVR (147)
[2020.01.22-19.43.37:371][  2]LogModuleManager: Shutting down and abandoning module TextureFormatDXT (145)
[2020.01.22-19.43.37:382][  2]LogModuleManager: Shutting down and abandoning module TextureFormatIntelISPCTexComp (143)
[2020.01.22-19.43.37:389][  2]LogModuleManager: Shutting down and abandoning module TextureFormatASTC (141)
[2020.01.22-19.43.37:389][  2]LogModuleManager: Shutting down and abandoning module ImageWrapper (140)
[2020.01.22-19.43.37:389][  2]LogModuleManager: Shutting down and abandoning module TextureFormatAndroid (137)
[2020.01.22-19.43.37:389][  2]LogModuleManager: Shutting down and abandoning module AudioFormatOpus (135)
[2020.01.22-19.43.37:396][  2]LogModuleManager: Shutting down and abandoning module AudioFormatOgg (133)
[2020.01.22-19.43.37:396][  2]LogModuleManager: Shutting down and abandoning module AudioFormatADPCM (131)
[2020.01.22-19.43.37:396][  2]LogModuleManager: Shutting down and abandoning module LuminTargetPlatform (129)
[2020.01.22-19.43.37:405][  2]LogModuleManager: Shutting down and abandoning module LinuxTargetPlatform (127)
[2020.01.22-19.43.37:405][  2]LogModuleManager: Shutting down and abandoning module LinuxServerTargetPlatform (125)
[2020.01.22-19.43.37:421][  2]LogModuleManager: Shutting down and abandoning module LinuxNoEditorTargetPlatform (123)
[2020.01.22-19.43.37:433][  2]LogModuleManager: Shutting down and abandoning module LinuxClientTargetPlatform (121)
[2020.01.22-19.43.37:447][  2]LogModuleManager: Shutting down and abandoning module TVOSTargetPlatform (119)
[2020.01.22-19.43.37:449][  2]LogModuleManager: Shutting down and abandoning module Messaging (117)
[2020.01.22-19.43.37:449][  2]LogModuleManager: Shutting down and abandoning module IOSTargetPlatform (115)
[2020.01.22-19.43.37:452][  2]LogModuleManager: Shutting down and abandoning module HTML5TargetPlatform (113)
[2020.01.22-19.43.37:452][  2]LogModuleManager: Shutting down and abandoning module AndroidTargetPlatform (111)
[2020.01.22-19.43.37:462][  2]LogModuleManager: Shutting down and abandoning module WindowsTargetPlatform (109)
[2020.01.22-19.43.37:462][  2]LogModuleManager: Shutting down and abandoning module WindowsServerTargetPlatform (107)
[2020.01.22-19.43.37:462][  2]LogModuleManager: Shutting down and abandoning module WindowsNoEditorTargetPlatform (105)
[2020.01.22-19.43.37:462][  2]LogModuleManager: Shutting down and abandoning module WindowsClientTargetPlatform (103)
[2020.01.22-19.43.37:462][  2]LogModuleManager: Shutting down and abandoning module MacTargetPlatform (101)
[2020.01.22-19.43.37:462][  2]LogModuleManager: Shutting down and abandoning module MacServerTargetPlatform (99)
[2020.01.22-19.43.37:462][  2]LogModuleManager: Shutting down and abandoning module MacNoEditorTargetPlatform (97)
[2020.01.22-19.43.37:462][  2]LogModuleManager: Shutting down and abandoning module MacClientTargetPlatform (95)
[2020.01.22-19.43.37:462][  2]LogModuleManager: Shutting down and abandoning module AllDesktopTargetPlatform (93)
[2020.01.22-19.43.37:462][  2]LogModuleManager: Shutting down and abandoning module InputCore (90)
[2020.01.22-19.43.37:462][  2]LogModuleManager: Shutting down and abandoning module Settings (88)
[2020.01.22-19.43.37:462][  2]LogModuleManager: Shutting down and abandoning module DirectoryWatcher (86)
[2020.01.22-19.43.37:462][  2]LogModuleManager: Shutting down and abandoning module PhysXCooking (84)
[2020.01.22-19.43.37:462][  2]LogModuleManager: Shutting down and abandoning module WindowsPlatformFeatures (82)
[2020.01.22-19.43.37:462][  2]LogModuleManager: Shutting down and abandoning module GameplayMediaEncoder (81)
[2020.01.22-19.43.37:467][  2]LogModuleManager: Shutting down and abandoning module SteamVR (78)
[2020.01.22-19.43.37:479][  2]LogHMD: Freeing OpenVRDLLHandle.
[2020.01.22-19.43.37:479][  2]LogModuleManager: Shutting down and abandoning module OculusHMD (76)
[2020.01.22-19.43.37:484][  2]LogModuleManager: Shutting down and abandoning module ExampleDeviceProfileSelector (74)
[2020.01.22-19.43.37:484][  2]LogModuleManager: Shutting down and abandoning module LauncherChunkInstaller (72)
[2020.01.22-19.43.37:484][  2]LogModuleManager: Shutting down and abandoning module OnlineBlueprintSupport (70)
[2020.01.22-19.43.37:484][  2]LogModuleManager: Shutting down and abandoning module OnlineSubsystem (66)
[2020.01.22-19.43.37:537][  2]LogModuleManager: Shutting down and abandoning module XMPP (61)
[2020.01.22-19.43.37:549][  2]LogModuleManager: Shutting down and abandoning module WebSockets (60)
[2020.01.22-19.43.37:631][  2]LogModuleManager: Shutting down and abandoning module HTTP (57)
[2020.01.22-19.43.37:632][  2]LogHttp: Display: Http module shutting down, but needs to wait on 1 outstanding Http requests:
[2020.01.22-19.43.37:632][  2]LogHttp: Display: 	verb=[POST] url=[https://datarouter.ol.epicgames.com/datarouter/api/v1/public/data?SessionID=%7B2FBC145E-4FA0-0337-D020-C9A54E98E050%7D&AppID=UEEditor.Rocket.Release&AppVersion=4.23.1-9631420%2B%2B%2BUE4%2BRelease-4.23&UserID=5fa8b82a4e3abe8f250e8387cf151783%7Cc44eee6f03724c57a77bc27787fa7f92%7C031e92ad-9356-4ed6-9743-5b2c7b64b633&AppEnvironment=datacollector-binary&UploadType=eteventstream] status=Processing
[2020.01.22-19.43.37:635][  2]LogModuleManager: Shutting down and abandoning module SSL (56)
[2020.01.22-19.43.37:637][  2]LogModuleManager: Shutting down and abandoning module WmfMedia (52)
[2020.01.22-19.43.37:652][  2]LogModuleManager: Shutting down and abandoning module Media (51)
[2020.01.22-19.43.37:653][  2]LogModuleManager: Shutting down and abandoning module MagicLeap (48)
[2020.01.22-19.43.37:665][  2]LogModuleManager: Shutting down and abandoning module DatasmithContent (46)
[2020.01.22-19.43.37:666][  2]LogModuleManager: Shutting down and abandoning module AISupportModule (44)
[2020.01.22-19.43.37:666][  2]LogModuleManager: Shutting down and abandoning module PlatformCryptoOpenSSL (42)
[2020.01.22-19.43.37:678][  2]LogModuleManager: Shutting down and abandoning module PlatformCrypto (40)
[2020.01.22-19.43.37:679][  2]LogModuleManager: Shutting down and abandoning module AnimationModifiers (38)
[2020.01.22-19.43.37:683][  2]LogModuleManager: Shutting down and abandoning module PropertyEditor (37)
[2020.01.22-19.43.37:683][  2]LogModuleManager: Shutting down and abandoning module AudioEditor (34)
[2020.01.22-19.43.37:706][  2]LogModuleManager: Shutting down and abandoning module TextureCompressor (32)
[2020.01.22-19.43.37:718][  2]LogModuleManager: Shutting down and abandoning module RenderCore (30)
[2020.01.22-19.43.37:718][  2]LogModuleManager: Shutting down and abandoning module Landscape (28)
[2020.01.22-19.43.37:718][  2]LogModuleManager: Shutting down and abandoning module SlateRHIRenderer (26)
[2020.01.22-19.43.37:751][  2]LogModuleManager: Shutting down and abandoning module OpenGLDrv (24)
[2020.01.22-19.43.37:769][  2]LogModuleManager: Shutting down and abandoning module D3D11RHI (22)
[2020.01.22-19.43.37:769][  2]LogModuleManager: Shutting down and abandoning module AnimGraphRuntime (20)
[2020.01.22-19.43.37:769][  2]LogModuleManager: Shutting down and abandoning module Renderer (18)
[2020.01.22-19.43.37:769][  2]LogModuleManager: Shutting down and abandoning module Engine (16)
[2020.01.22-19.43.37:769][  2]LogModuleManager: Shutting down and abandoning module CoreUObject (14)
[2020.01.22-19.43.37:769][  2]LogModuleManager: Shutting down and abandoning module NetworkFile (12)
[2020.01.22-19.43.37:783][  2]LogModuleManager: Shutting down and abandoning module CookedIterativeFile (10)
[2020.01.22-19.43.37:783][  2]LogModuleManager: Shutting down and abandoning module StreamingFile (8)
[2020.01.22-19.43.37:786][  2]LogModuleManager: Shutting down and abandoning module SandboxFile (6)
[2020.01.22-19.43.37:786][  2]LogModuleManager: Shutting down and abandoning module PakFile (4)
[2020.01.22-19.43.37:797][  2]LogModuleManager: Shutting down and abandoning module RSA (3)
[2020.01.22-19.43.37:861][  2]LogD3D11RHI: Shutdown
[2020.01.22-19.43.37:874][  2]LogD3D11RHI: CleanupD3DDevice
[2020.01.22-19.43.37:915][  2]LogRendererCore: FGlobalDynamicReadBuffer::Cleanup()
[2020.01.22-19.43.37:918][  2]LogRendererCore: FGlobalDynamicReadBuffer::Cleanup()
[2020.01.22-19.43.37:918][  2]LogRendererCore: FGlobalDynamicReadBuffer::Cleanup()
[2020.01.22-19.43.38:081][  2]LogD3D11RHI: ~FD3D11DynamicRHI
[2020.01.22-19.43.38:170][  2]LogExit: Exiting.
[2020.01.22-19.43.38:217][  2]Log file closed, 01/22/20 20:43:38
